{"/Users/anaue/workspace/Volpi/qitech/test/account.test.js":{"path":"/Users/anaue/workspace/Volpi/qitech/test/account.test.js","statementMap":{"0":{"start":{"line":3,"column":15},"end":{"line":3,"column":43}},"1":{"start":{"line":4,"column":21},"end":{"line":4,"column":50}},"2":{"start":{"line":5,"column":15},"end":{"line":5,"column":37}},"3":{"start":{"line":6,"column":13},"end":{"line":6,"column":28}},"4":{"start":{"line":8,"column":0},"end":{"line":87,"column":3}},"5":{"start":{"line":9,"column":23},"end":{"line":9,"column":48}},"6":{"start":{"line":10,"column":4},"end":{"line":14,"column":7}},"7":{"start":{"line":11,"column":8},"end":{"line":13,"column":28}},"8":{"start":{"line":15,"column":4},"end":{"line":30,"column":7}},"9":{"start":{"line":16,"column":24},"end":{"line":16,"column":59}},"10":{"start":{"line":16,"column":30},"end":{"line":16,"column":59}},"11":{"start":{"line":17,"column":22},"end":{"line":19,"column":9}},"12":{"start":{"line":20,"column":19},"end":{"line":20,"column":45}},"13":{"start":{"line":21,"column":8},"end":{"line":29,"column":11}},"14":{"start":{"line":22,"column":12},"end":{"line":22,"column":55}},"15":{"start":{"line":23,"column":12},"end":{"line":23,"column":56}},"16":{"start":{"line":24,"column":12},"end":{"line":24,"column":61}},"17":{"start":{"line":25,"column":12},"end":{"line":25,"column":107}},"18":{"start":{"line":26,"column":12},"end":{"line":26,"column":85}},"19":{"start":{"line":27,"column":12},"end":{"line":27,"column":91}},"20":{"start":{"line":28,"column":12},"end":{"line":28,"column":87}},"21":{"start":{"line":31,"column":4},"end":{"line":46,"column":7}},"22":{"start":{"line":32,"column":24},"end":{"line":32,"column":60}},"23":{"start":{"line":32,"column":30},"end":{"line":32,"column":60}},"24":{"start":{"line":33,"column":22},"end":{"line":35,"column":9}},"25":{"start":{"line":36,"column":19},"end":{"line":36,"column":46}},"26":{"start":{"line":37,"column":8},"end":{"line":45,"column":11}},"27":{"start":{"line":38,"column":12},"end":{"line":38,"column":55}},"28":{"start":{"line":39,"column":12},"end":{"line":39,"column":56}},"29":{"start":{"line":40,"column":12},"end":{"line":40,"column":61}},"30":{"start":{"line":41,"column":12},"end":{"line":41,"column":108}},"31":{"start":{"line":42,"column":12},"end":{"line":42,"column":86}},"32":{"start":{"line":43,"column":12},"end":{"line":43,"column":92}},"33":{"start":{"line":44,"column":12},"end":{"line":44,"column":88}},"34":{"start":{"line":47,"column":4},"end":{"line":62,"column":7}},"35":{"start":{"line":48,"column":24},"end":{"line":48,"column":59}},"36":{"start":{"line":48,"column":30},"end":{"line":48,"column":59}},"37":{"start":{"line":49,"column":22},"end":{"line":51,"column":9}},"38":{"start":{"line":52,"column":19},"end":{"line":52,"column":54}},"39":{"start":{"line":53,"column":8},"end":{"line":61,"column":11}},"40":{"start":{"line":54,"column":12},"end":{"line":54,"column":55}},"41":{"start":{"line":55,"column":12},"end":{"line":55,"column":56}},"42":{"start":{"line":56,"column":12},"end":{"line":56,"column":61}},"43":{"start":{"line":57,"column":12},"end":{"line":57,"column":107}},"44":{"start":{"line":58,"column":12},"end":{"line":58,"column":85}},"45":{"start":{"line":59,"column":12},"end":{"line":59,"column":91}},"46":{"start":{"line":60,"column":12},"end":{"line":60,"column":87}},"47":{"start":{"line":63,"column":4},"end":{"line":78,"column":7}},"48":{"start":{"line":64,"column":24},"end":{"line":64,"column":60}},"49":{"start":{"line":64,"column":30},"end":{"line":64,"column":60}},"50":{"start":{"line":65,"column":22},"end":{"line":67,"column":9}},"51":{"start":{"line":68,"column":19},"end":{"line":68,"column":55}},"52":{"start":{"line":69,"column":8},"end":{"line":77,"column":11}},"53":{"start":{"line":70,"column":12},"end":{"line":70,"column":55}},"54":{"start":{"line":71,"column":12},"end":{"line":71,"column":56}},"55":{"start":{"line":72,"column":12},"end":{"line":72,"column":61}},"56":{"start":{"line":73,"column":12},"end":{"line":73,"column":108}},"57":{"start":{"line":74,"column":12},"end":{"line":74,"column":86}},"58":{"start":{"line":75,"column":12},"end":{"line":75,"column":92}},"59":{"start":{"line":76,"column":12},"end":{"line":76,"column":88}},"60":{"start":{"line":79,"column":4},"end":{"line":86,"column":7}},"61":{"start":{"line":80,"column":8},"end":{"line":85,"column":11}},"62":{"start":{"line":84,"column":12},"end":{"line":84,"column":55}},"63":{"start":{"line":89,"column":0},"end":{"line":117,"column":3}},"64":{"start":{"line":90,"column":23},"end":{"line":90,"column":48}},"65":{"start":{"line":91,"column":20},"end":{"line":91,"column":47}},"66":{"start":{"line":91,"column":26},"end":{"line":91,"column":47}},"67":{"start":{"line":92,"column":4},"end":{"line":96,"column":7}},"68":{"start":{"line":93,"column":8},"end":{"line":95,"column":28}},"69":{"start":{"line":97,"column":4},"end":{"line":108,"column":7}},"70":{"start":{"line":98,"column":22},"end":{"line":100,"column":9}},"71":{"start":{"line":101,"column":20},"end":{"line":101,"column":22}},"72":{"start":{"line":102,"column":8},"end":{"line":107,"column":11}},"73":{"start":{"line":103,"column":12},"end":{"line":103,"column":55}},"74":{"start":{"line":104,"column":12},"end":{"line":104,"column":56}},"75":{"start":{"line":105,"column":12},"end":{"line":105,"column":61}},"76":{"start":{"line":106,"column":12},"end":{"line":106,"column":67}},"77":{"start":{"line":109,"column":4},"end":{"line":116,"column":7}},"78":{"start":{"line":110,"column":8},"end":{"line":115,"column":11}},"79":{"start":{"line":114,"column":12},"end":{"line":114,"column":55}}},"fnMap":{"0":{"name":"(anonymous_0)","decl":{"start":{"line":8,"column":41},"end":{"line":8,"column":42}},"loc":{"start":{"line":8,"column":47},"end":{"line":87,"column":1}},"line":8},"1":{"name":"(anonymous_1)","decl":{"start":{"line":10,"column":15},"end":{"line":10,"column":16}},"loc":{"start":{"line":10,"column":21},"end":{"line":14,"column":5}},"line":10},"2":{"name":"(anonymous_2)","decl":{"start":{"line":15,"column":43},"end":{"line":15,"column":44}},"loc":{"start":{"line":15,"column":49},"end":{"line":30,"column":5}},"line":15},"3":{"name":"(anonymous_3)","decl":{"start":{"line":16,"column":24},"end":{"line":16,"column":25}},"loc":{"start":{"line":16,"column":30},"end":{"line":16,"column":59}},"line":16},"4":{"name":"(anonymous_4)","decl":{"start":{"line":21,"column":57},"end":{"line":21,"column":58}},"loc":{"start":{"line":21,"column":69},"end":{"line":29,"column":9}},"line":21},"5":{"name":"(anonymous_5)","decl":{"start":{"line":31,"column":44},"end":{"line":31,"column":45}},"loc":{"start":{"line":31,"column":50},"end":{"line":46,"column":5}},"line":31},"6":{"name":"(anonymous_6)","decl":{"start":{"line":32,"column":24},"end":{"line":32,"column":25}},"loc":{"start":{"line":32,"column":30},"end":{"line":32,"column":60}},"line":32},"7":{"name":"(anonymous_7)","decl":{"start":{"line":37,"column":57},"end":{"line":37,"column":58}},"loc":{"start":{"line":37,"column":69},"end":{"line":45,"column":9}},"line":37},"8":{"name":"(anonymous_8)","decl":{"start":{"line":47,"column":45},"end":{"line":47,"column":46}},"loc":{"start":{"line":47,"column":51},"end":{"line":62,"column":5}},"line":47},"9":{"name":"(anonymous_9)","decl":{"start":{"line":48,"column":24},"end":{"line":48,"column":25}},"loc":{"start":{"line":48,"column":30},"end":{"line":48,"column":59}},"line":48},"10":{"name":"(anonymous_10)","decl":{"start":{"line":53,"column":57},"end":{"line":53,"column":58}},"loc":{"start":{"line":53,"column":69},"end":{"line":61,"column":9}},"line":53},"11":{"name":"(anonymous_11)","decl":{"start":{"line":63,"column":46},"end":{"line":63,"column":47}},"loc":{"start":{"line":63,"column":52},"end":{"line":78,"column":5}},"line":63},"12":{"name":"(anonymous_12)","decl":{"start":{"line":64,"column":24},"end":{"line":64,"column":25}},"loc":{"start":{"line":64,"column":30},"end":{"line":64,"column":60}},"line":64},"13":{"name":"(anonymous_13)","decl":{"start":{"line":69,"column":57},"end":{"line":69,"column":58}},"loc":{"start":{"line":69,"column":69},"end":{"line":77,"column":9}},"line":69},"14":{"name":"(anonymous_14)","decl":{"start":{"line":79,"column":36},"end":{"line":79,"column":37}},"loc":{"start":{"line":79,"column":42},"end":{"line":86,"column":5}},"line":79},"15":{"name":"(anonymous_15)","decl":{"start":{"line":83,"column":31},"end":{"line":83,"column":32}},"loc":{"start":{"line":83,"column":43},"end":{"line":85,"column":9}},"line":83},"16":{"name":"(anonymous_16)","decl":{"start":{"line":89,"column":35},"end":{"line":89,"column":36}},"loc":{"start":{"line":89,"column":41},"end":{"line":117,"column":1}},"line":89},"17":{"name":"(anonymous_17)","decl":{"start":{"line":91,"column":20},"end":{"line":91,"column":21}},"loc":{"start":{"line":91,"column":26},"end":{"line":91,"column":47}},"line":91},"18":{"name":"(anonymous_18)","decl":{"start":{"line":92,"column":15},"end":{"line":92,"column":16}},"loc":{"start":{"line":92,"column":21},"end":{"line":96,"column":5}},"line":92},"19":{"name":"(anonymous_19)","decl":{"start":{"line":97,"column":25},"end":{"line":97,"column":26}},"loc":{"start":{"line":97,"column":31},"end":{"line":108,"column":5}},"line":97},"20":{"name":"(anonymous_20)","decl":{"start":{"line":102,"column":58},"end":{"line":102,"column":59}},"loc":{"start":{"line":102,"column":70},"end":{"line":107,"column":9}},"line":102},"21":{"name":"(anonymous_21)","decl":{"start":{"line":109,"column":36},"end":{"line":109,"column":37}},"loc":{"start":{"line":109,"column":42},"end":{"line":116,"column":5}},"line":109},"22":{"name":"(anonymous_22)","decl":{"start":{"line":113,"column":31},"end":{"line":113,"column":32}},"loc":{"start":{"line":113,"column":43},"end":{"line":115,"column":9}},"line":113}},"branchMap":{},"s":{"0":1,"1":1,"2":1,"3":1,"4":1,"5":1,"6":1,"7":5,"8":1,"9":1,"10":82,"11":1,"12":1,"13":1,"14":1,"15":1,"16":1,"17":1,"18":1,"19":1,"20":1,"21":1,"22":1,"23":81,"24":1,"25":1,"26":1,"27":1,"28":1,"29":1,"30":1,"31":1,"32":1,"33":1,"34":1,"35":1,"36":80,"37":1,"38":1,"39":1,"40":1,"41":1,"42":1,"43":1,"44":1,"45":1,"46":1,"47":1,"48":1,"49":79,"50":1,"51":1,"52":1,"53":1,"54":1,"55":1,"56":1,"57":1,"58":1,"59":1,"60":1,"61":1,"62":1,"63":1,"64":1,"65":1,"66":77,"67":1,"68":2,"69":1,"70":1,"71":1,"72":1,"73":1,"74":1,"75":1,"76":1,"77":1,"78":1,"79":1},"f":{"0":1,"1":5,"2":1,"3":82,"4":1,"5":1,"6":81,"7":1,"8":1,"9":80,"10":1,"11":1,"12":79,"13":1,"14":1,"15":1,"16":1,"17":77,"18":2,"19":1,"20":1,"21":1,"22":1},"b":{},"_coverageSchema":"1a1c01bbd47fc00a2c39e90264f33305004495a9","hash":"825fd128ad243df5db28cfc6d3573a2f6315653c","contentHash":"eaef61c76194c688f5558be1c831dd73b54e8eb28b650cf7ab60537870c8b1ce"},"/Users/anaue/workspace/Volpi/qitech/qitech-wrapper.js":{"path":"/Users/anaue/workspace/Volpi/qitech/qitech-wrapper.js","statementMap":{"0":{"start":{"line":3,"column":14},"end":{"line":3,"column":38}},"1":{"start":{"line":7,"column":19},"end":{"line":7,"column":30}},"2":{"start":{"line":8,"column":8},"end":{"line":8,"column":40}},"3":{"start":{"line":9,"column":8},"end":{"line":9,"column":42}},"4":{"start":{"line":10,"column":8},"end":{"line":10,"column":40}},"5":{"start":{"line":11,"column":8},"end":{"line":11,"column":28}},"6":{"start":{"line":14,"column":8},"end":{"line":18,"column":11}},"7":{"start":{"line":21,"column":21},"end":{"line":21,"column":44}},"8":{"start":{"line":22,"column":8},"end":{"line":22,"column":40}},"9":{"start":{"line":25,"column":19},"end":{"line":25,"column":40}},"10":{"start":{"line":26,"column":8},"end":{"line":26,"column":38}},"11":{"start":{"line":29,"column":25},"end":{"line":29,"column":53}},"12":{"start":{"line":30,"column":8},"end":{"line":30,"column":44}},"13":{"start":{"line":33,"column":29},"end":{"line":33,"column":61}},"14":{"start":{"line":34,"column":8},"end":{"line":34,"column":48}},"15":{"start":{"line":37,"column":22},"end":{"line":37,"column":46}},"16":{"start":{"line":38,"column":8},"end":{"line":38,"column":41}},"17":{"start":{"line":41,"column":21},"end":{"line":41,"column":44}},"18":{"start":{"line":42,"column":8},"end":{"line":42,"column":40}},"19":{"start":{"line":45,"column":18},"end":{"line":45,"column":38}},"20":{"start":{"line":46,"column":8},"end":{"line":46,"column":37}},"21":{"start":{"line":49,"column":23},"end":{"line":49,"column":49}},"22":{"start":{"line":50,"column":8},"end":{"line":50,"column":42}},"23":{"start":{"line":53,"column":39},"end":{"line":53,"column":83}},"24":{"start":{"line":54,"column":8},"end":{"line":54,"column":58}},"25":{"start":{"line":57,"column":26},"end":{"line":57,"column":56}},"26":{"start":{"line":58,"column":8},"end":{"line":58,"column":45}},"27":{"start":{"line":61,"column":24},"end":{"line":61,"column":50}},"28":{"start":{"line":62,"column":8},"end":{"line":62,"column":43}},"29":{"start":{"line":65,"column":23},"end":{"line":65,"column":53}},"30":{"start":{"line":66,"column":8},"end":{"line":66,"column":42}},"31":{"start":{"line":69,"column":33},"end":{"line":69,"column":69}},"32":{"start":{"line":70,"column":8},"end":{"line":70,"column":52}},"33":{"start":{"line":73,"column":0},"end":{"line":90,"column":2}},"34":{"start":{"line":74,"column":20},"end":{"line":74,"column":36}},"35":{"start":{"line":75,"column":4},"end":{"line":89,"column":6}}},"fnMap":{"0":{"name":"(anonymous_0)","decl":{"start":{"line":6,"column":4},"end":{"line":6,"column":5}},"loc":{"start":{"line":6,"column":23},"end":{"line":12,"column":5}},"line":6},"1":{"name":"(anonymous_1)","decl":{"start":{"line":13,"column":4},"end":{"line":13,"column":5}},"loc":{"start":{"line":13,"column":19},"end":{"line":19,"column":5}},"line":13},"2":{"name":"(anonymous_2)","decl":{"start":{"line":20,"column":4},"end":{"line":20,"column":5}},"loc":{"start":{"line":20,"column":13},"end":{"line":23,"column":5}},"line":20},"3":{"name":"(anonymous_3)","decl":{"start":{"line":24,"column":4},"end":{"line":24,"column":5}},"loc":{"start":{"line":24,"column":11},"end":{"line":27,"column":5}},"line":24},"4":{"name":"(anonymous_4)","decl":{"start":{"line":28,"column":4},"end":{"line":28,"column":5}},"loc":{"start":{"line":28,"column":17},"end":{"line":31,"column":5}},"line":28},"5":{"name":"(anonymous_5)","decl":{"start":{"line":32,"column":4},"end":{"line":32,"column":5}},"loc":{"start":{"line":32,"column":21},"end":{"line":35,"column":5}},"line":32},"6":{"name":"(anonymous_6)","decl":{"start":{"line":36,"column":4},"end":{"line":36,"column":5}},"loc":{"start":{"line":36,"column":14},"end":{"line":39,"column":5}},"line":36},"7":{"name":"(anonymous_7)","decl":{"start":{"line":40,"column":4},"end":{"line":40,"column":5}},"loc":{"start":{"line":40,"column":13},"end":{"line":43,"column":5}},"line":40},"8":{"name":"(anonymous_8)","decl":{"start":{"line":44,"column":4},"end":{"line":44,"column":5}},"loc":{"start":{"line":44,"column":10},"end":{"line":47,"column":5}},"line":44},"9":{"name":"(anonymous_9)","decl":{"start":{"line":48,"column":4},"end":{"line":48,"column":5}},"loc":{"start":{"line":48,"column":15},"end":{"line":51,"column":5}},"line":48},"10":{"name":"(anonymous_10)","decl":{"start":{"line":52,"column":4},"end":{"line":52,"column":5}},"loc":{"start":{"line":52,"column":31},"end":{"line":55,"column":5}},"line":52},"11":{"name":"(anonymous_11)","decl":{"start":{"line":56,"column":4},"end":{"line":56,"column":5}},"loc":{"start":{"line":56,"column":18},"end":{"line":59,"column":5}},"line":56},"12":{"name":"(anonymous_12)","decl":{"start":{"line":60,"column":4},"end":{"line":60,"column":5}},"loc":{"start":{"line":60,"column":16},"end":{"line":63,"column":5}},"line":60},"13":{"name":"(anonymous_13)","decl":{"start":{"line":64,"column":4},"end":{"line":64,"column":5}},"loc":{"start":{"line":64,"column":15},"end":{"line":67,"column":5}},"line":64},"14":{"name":"(anonymous_14)","decl":{"start":{"line":68,"column":4},"end":{"line":68,"column":5}},"loc":{"start":{"line":68,"column":25},"end":{"line":71,"column":5}},"line":68},"15":{"name":"QiTechFn","decl":{"start":{"line":73,"column":26},"end":{"line":73,"column":34}},"loc":{"start":{"line":73,"column":41},"end":{"line":90,"column":1}},"line":73}},"branchMap":{"0":{"loc":{"start":{"line":7,"column":19},"end":{"line":7,"column":30}},"type":"binary-expr","locations":[{"start":{"line":7,"column":19},"end":{"line":7,"column":24}},{"start":{"line":7,"column":28},"end":{"line":7,"column":30}}],"line":7}},"s":{"0":1,"1":169,"2":169,"3":169,"4":169,"5":169,"6":169,"7":169,"8":169,"9":169,"10":169,"11":169,"12":169,"13":169,"14":169,"15":169,"16":169,"17":169,"18":169,"19":169,"20":169,"21":169,"22":169,"23":169,"24":169,"25":169,"26":169,"27":169,"28":169,"29":169,"30":169,"31":169,"32":169,"33":1,"34":169,"35":169},"f":{"0":169,"1":169,"2":169,"3":169,"4":169,"5":169,"6":169,"7":169,"8":169,"9":169,"10":169,"11":169,"12":169,"13":169,"14":169,"15":169},"b":{"0":[169,133]},"_coverageSchema":"1a1c01bbd47fc00a2c39e90264f33305004495a9","hash":"e111c27a3f7648e03bacbc1d093178643035f214","contentHash":"970a43c40f8335f109d5a9da8e0e0fbdcc9f1ca9e78ff2a5319f68b783aa2eae"},"/Users/anaue/workspace/Volpi/qitech/src/request.js":{"path":"/Users/anaue/workspace/Volpi/qitech/src/request.js","statementMap":{"0":{"start":{"line":3,"column":12},"end":{"line":3,"column":35}},"1":{"start":{"line":4,"column":11},"end":{"line":4,"column":24}},"2":{"start":{"line":5,"column":15},"end":{"line":5,"column":32}},"3":{"start":{"line":6,"column":14},"end":{"line":6,"column":30}},"4":{"start":{"line":7,"column":12},"end":{"line":7,"column":26}},"5":{"start":{"line":9,"column":29},"end":{"line":9,"column":50}},"6":{"start":{"line":10,"column":29},"end":{"line":10,"column":58}},"7":{"start":{"line":11,"column":24},"end":{"line":11,"column":36}},"8":{"start":{"line":14,"column":4},"end":{"line":16,"column":5}},"9":{"start":{"line":15,"column":8},"end":{"line":15,"column":20}},"10":{"start":{"line":17,"column":23},"end":{"line":19,"column":5}},"11":{"start":{"line":20,"column":4},"end":{"line":20,"column":50}},"12":{"start":{"line":24,"column":4},"end":{"line":26,"column":5}},"13":{"start":{"line":25,"column":8},"end":{"line":25,"column":24}},"14":{"start":{"line":27,"column":23},"end":{"line":29,"column":5}},"15":{"start":{"line":30,"column":22},"end":{"line":30,"column":43}},"16":{"start":{"line":31,"column":4},"end":{"line":31,"column":58}},"17":{"start":{"line":36,"column":19},"end":{"line":36,"column":30}},"18":{"start":{"line":37,"column":8},"end":{"line":37,"column":92}},"19":{"start":{"line":38,"column":8},"end":{"line":38,"column":96}},"20":{"start":{"line":39,"column":8},"end":{"line":39,"column":96}},"21":{"start":{"line":40,"column":8},"end":{"line":40,"column":83}},"22":{"start":{"line":41,"column":8},"end":{"line":41,"column":109}},"23":{"start":{"line":44,"column":26},"end":{"line":44,"column":50}},"24":{"start":{"line":45,"column":25},"end":{"line":45,"column":70}},"25":{"start":{"line":46,"column":26},"end":{"line":46,"column":80}},"26":{"start":{"line":47,"column":27},"end":{"line":47,"column":118}},"27":{"start":{"line":48,"column":28},"end":{"line":51,"column":9}},"28":{"start":{"line":52,"column":26},"end":{"line":52,"column":65}},"29":{"start":{"line":53,"column":8},"end":{"line":53,"column":64}},"30":{"start":{"line":56,"column":19},"end":{"line":56,"column":25}},"31":{"start":{"line":57,"column":26},"end":{"line":57,"column":52}},"32":{"start":{"line":58,"column":23},"end":{"line":58,"column":41}},"33":{"start":{"line":59,"column":24},"end":{"line":59,"column":46}},"34":{"start":{"line":60,"column":22},"end":{"line":62,"column":9}},"35":{"start":{"line":63,"column":29},"end":{"line":63,"column":45}},"36":{"start":{"line":65,"column":8},"end":{"line":69,"column":10}},"37":{"start":{"line":70,"column":8},"end":{"line":70,"column":93}},"38":{"start":{"line":71,"column":8},"end":{"line":71,"column":44}},"39":{"start":{"line":74,"column":8},"end":{"line":76,"column":9}},"40":{"start":{"line":75,"column":12},"end":{"line":75,"column":63}},"41":{"start":{"line":79,"column":8},"end":{"line":81,"column":9}},"42":{"start":{"line":80,"column":12},"end":{"line":80,"column":61}},"43":{"start":{"line":85,"column":8},"end":{"line":85,"column":21}},"44":{"start":{"line":86,"column":22},"end":{"line":86,"column":36}},"45":{"start":{"line":87,"column":25},"end":{"line":87,"column":40}},"46":{"start":{"line":88,"column":24},"end":{"line":88,"column":38}},"47":{"start":{"line":89,"column":22},"end":{"line":89,"column":77}},"48":{"start":{"line":90,"column":22},"end":{"line":90,"column":77}},"49":{"start":{"line":91,"column":32},"end":{"line":91,"column":36}},"50":{"start":{"line":92,"column":29},"end":{"line":97,"column":9}},"51":{"start":{"line":98,"column":8},"end":{"line":103,"column":9}},"52":{"start":{"line":100,"column":32},"end":{"line":100,"column":52}},"53":{"start":{"line":101,"column":12},"end":{"line":101,"column":54}},"54":{"start":{"line":102,"column":12},"end":{"line":102,"column":68}},"55":{"start":{"line":104,"column":8},"end":{"line":106,"column":9}},"56":{"start":{"line":105,"column":12},"end":{"line":105,"column":50}},"57":{"start":{"line":107,"column":8},"end":{"line":114,"column":9}},"58":{"start":{"line":108,"column":12},"end":{"line":108,"column":66}},"59":{"start":{"line":109,"column":23},"end":{"line":111,"column":13}},"60":{"start":{"line":112,"column":12},"end":{"line":112,"column":55}},"61":{"start":{"line":113,"column":12},"end":{"line":113,"column":72}},"62":{"start":{"line":115,"column":8},"end":{"line":117,"column":9}},"63":{"start":{"line":116,"column":12},"end":{"line":116,"column":92}},"64":{"start":{"line":118,"column":8},"end":{"line":132,"column":11}},"65":{"start":{"line":119,"column":12},"end":{"line":123,"column":13}},"66":{"start":{"line":120,"column":16},"end":{"line":120,"column":69}},"67":{"start":{"line":122,"column":16},"end":{"line":122,"column":49}},"68":{"start":{"line":124,"column":12},"end":{"line":124,"column":28}},"69":{"start":{"line":126,"column":12},"end":{"line":130,"column":13}},"70":{"start":{"line":127,"column":16},"end":{"line":127,"column":72}},"71":{"start":{"line":129,"column":16},"end":{"line":129,"column":52}},"72":{"start":{"line":131,"column":12},"end":{"line":131,"column":41}},"73":{"start":{"line":133,"column":8},"end":{"line":135,"column":9}},"74":{"start":{"line":134,"column":12},"end":{"line":134,"column":80}},"75":{"start":{"line":136,"column":8},"end":{"line":136,"column":66}},"76":{"start":{"line":137,"column":8},"end":{"line":137,"column":116}},"77":{"start":{"line":138,"column":8},"end":{"line":138,"column":45}},"78":{"start":{"line":142,"column":0},"end":{"line":142,"column":25}}},"fnMap":{"0":{"name":"bodyEncoder","decl":{"start":{"line":13,"column":9},"end":{"line":13,"column":20}},"loc":{"start":{"line":13,"column":39},"end":{"line":21,"column":1}},"line":13},"1":{"name":"bodyDecoder","decl":{"start":{"line":23,"column":9},"end":{"line":23,"column":20}},"loc":{"start":{"line":23,"column":42},"end":{"line":32,"column":1}},"line":23},"2":{"name":"(anonymous_2)","decl":{"start":{"line":35,"column":4},"end":{"line":35,"column":5}},"loc":{"start":{"line":35,"column":23},"end":{"line":42,"column":5}},"line":35},"3":{"name":"(anonymous_3)","decl":{"start":{"line":43,"column":4},"end":{"line":43,"column":5}},"loc":{"start":{"line":43,"column":59},"end":{"line":54,"column":5}},"line":43},"4":{"name":"(anonymous_4)","decl":{"start":{"line":55,"column":4},"end":{"line":55,"column":5}},"loc":{"start":{"line":55,"column":51},"end":{"line":72,"column":5}},"line":55},"5":{"name":"(anonymous_5)","decl":{"start":{"line":73,"column":4},"end":{"line":73,"column":5}},"loc":{"start":{"line":73,"column":12},"end":{"line":83,"column":5}},"line":73},"6":{"name":"(anonymous_6)","decl":{"start":{"line":84,"column":4},"end":{"line":84,"column":5}},"loc":{"start":{"line":84,"column":41},"end":{"line":139,"column":5}},"line":84},"7":{"name":"success","decl":{"start":{"line":118,"column":49},"end":{"line":118,"column":56}},"loc":{"start":{"line":118,"column":67},"end":{"line":125,"column":9}},"line":118},"8":{"name":"fail","decl":{"start":{"line":125,"column":20},"end":{"line":125,"column":24}},"loc":{"start":{"line":125,"column":32},"end":{"line":132,"column":9}},"line":125}},"branchMap":{"0":{"loc":{"start":{"line":14,"column":4},"end":{"line":16,"column":5}},"type":"if","locations":[{"start":{"line":14,"column":4},"end":{"line":16,"column":5}},{"start":{"line":14,"column":4},"end":{"line":16,"column":5}}],"line":14},"1":{"loc":{"start":{"line":14,"column":8},"end":{"line":14,"column":50}},"type":"binary-expr","locations":[{"start":{"line":14,"column":8},"end":{"line":14,"column":19}},{"start":{"line":14,"column":23},"end":{"line":14,"column":50}}],"line":14},"2":{"loc":{"start":{"line":24,"column":4},"end":{"line":26,"column":5}},"type":"if","locations":[{"start":{"line":24,"column":4},"end":{"line":26,"column":5}},{"start":{"line":24,"column":4},"end":{"line":26,"column":5}}],"line":24},"3":{"loc":{"start":{"line":24,"column":8},"end":{"line":24,"column":72}},"type":"binary-expr","locations":[{"start":{"line":24,"column":8},"end":{"line":24,"column":43}},{"start":{"line":24,"column":47},"end":{"line":24,"column":72}}],"line":24},"4":{"loc":{"start":{"line":36,"column":19},"end":{"line":36,"column":30}},"type":"binary-expr","locations":[{"start":{"line":36,"column":19},"end":{"line":36,"column":24}},{"start":{"line":36,"column":28},"end":{"line":36,"column":30}}],"line":36},"5":{"loc":{"start":{"line":37,"column":25},"end":{"line":37,"column":91}},"type":"binary-expr","locations":[{"start":{"line":37,"column":25},"end":{"line":37,"column":39}},{"start":{"line":37,"column":43},"end":{"line":37,"column":76}},{"start":{"line":37,"column":80},"end":{"line":37,"column":91}}],"line":37},"6":{"loc":{"start":{"line":38,"column":26},"end":{"line":38,"column":95}},"type":"binary-expr","locations":[{"start":{"line":38,"column":26},"end":{"line":38,"column":41}},{"start":{"line":38,"column":45},"end":{"line":38,"column":79}},{"start":{"line":38,"column":83},"end":{"line":38,"column":95}}],"line":38},"7":{"loc":{"start":{"line":39,"column":25},"end":{"line":39,"column":95}},"type":"binary-expr","locations":[{"start":{"line":39,"column":25},"end":{"line":39,"column":39}},{"start":{"line":39,"column":43},"end":{"line":39,"column":79}},{"start":{"line":39,"column":84},"end":{"line":39,"column":95}}],"line":39},"8":{"loc":{"start":{"line":40,"column":27},"end":{"line":40,"column":82}},"type":"binary-expr","locations":[{"start":{"line":40,"column":27},"end":{"line":40,"column":43}},{"start":{"line":40,"column":47},"end":{"line":40,"column":69}},{"start":{"line":40,"column":73},"end":{"line":40,"column":82}}],"line":40},"9":{"loc":{"start":{"line":41,"column":24},"end":{"line":41,"column":108}},"type":"cond-expr","locations":[{"start":{"line":41,"column":65},"end":{"line":41,"column":85}},{"start":{"line":41,"column":88},"end":{"line":41,"column":108}}],"line":41},"10":{"loc":{"start":{"line":45,"column":25},"end":{"line":45,"column":70}},"type":"cond-expr","locations":[{"start":{"line":45,"column":56},"end":{"line":45,"column":65}},{"start":{"line":45,"column":68},"end":{"line":45,"column":70}}],"line":45},"11":{"loc":{"start":{"line":45,"column":25},"end":{"line":45,"column":53}},"type":"binary-expr","locations":[{"start":{"line":45,"column":25},"end":{"line":45,"column":36}},{"start":{"line":45,"column":40},"end":{"line":45,"column":53}}],"line":45},"12":{"loc":{"start":{"line":46,"column":26},"end":{"line":46,"column":80}},"type":"cond-expr","locations":[{"start":{"line":46,"column":57},"end":{"line":46,"column":75}},{"start":{"line":46,"column":78},"end":{"line":46,"column":80}}],"line":46},"13":{"loc":{"start":{"line":46,"column":26},"end":{"line":46,"column":54}},"type":"binary-expr","locations":[{"start":{"line":46,"column":26},"end":{"line":46,"column":37}},{"start":{"line":46,"column":41},"end":{"line":46,"column":54}}],"line":46},"14":{"loc":{"start":{"line":74,"column":8},"end":{"line":76,"column":9}},"type":"if","locations":[{"start":{"line":74,"column":8},"end":{"line":76,"column":9}},{"start":{"line":74,"column":8},"end":{"line":76,"column":9}}],"line":74},"15":{"loc":{"start":{"line":79,"column":8},"end":{"line":81,"column":9}},"type":"if","locations":[{"start":{"line":79,"column":8},"end":{"line":81,"column":9}},{"start":{"line":79,"column":8},"end":{"line":81,"column":9}}],"line":79},"16":{"loc":{"start":{"line":86,"column":22},"end":{"line":86,"column":36}},"type":"binary-expr","locations":[{"start":{"line":86,"column":22},"end":{"line":86,"column":30}},{"start":{"line":86,"column":34},"end":{"line":86,"column":36}}],"line":86},"17":{"loc":{"start":{"line":89,"column":22},"end":{"line":89,"column":77}},"type":"cond-expr","locations":[{"start":{"line":89,"column":44},"end":{"line":89,"column":63}},{"start":{"line":89,"column":66},"end":{"line":89,"column":77}}],"line":89},"18":{"loc":{"start":{"line":90,"column":22},"end":{"line":90,"column":77}},"type":"cond-expr","locations":[{"start":{"line":90,"column":44},"end":{"line":90,"column":63}},{"start":{"line":90,"column":66},"end":{"line":90,"column":77}}],"line":90},"19":{"loc":{"start":{"line":98,"column":8},"end":{"line":103,"column":9}},"type":"if","locations":[{"start":{"line":98,"column":8},"end":{"line":103,"column":9}},{"start":{"line":98,"column":8},"end":{"line":103,"column":9}}],"line":98},"20":{"loc":{"start":{"line":104,"column":8},"end":{"line":106,"column":9}},"type":"if","locations":[{"start":{"line":104,"column":8},"end":{"line":106,"column":9}},{"start":{"line":104,"column":8},"end":{"line":106,"column":9}}],"line":104},"21":{"loc":{"start":{"line":107,"column":8},"end":{"line":114,"column":9}},"type":"if","locations":[{"start":{"line":107,"column":8},"end":{"line":114,"column":9}},{"start":{"line":107,"column":8},"end":{"line":114,"column":9}}],"line":107},"22":{"loc":{"start":{"line":115,"column":8},"end":{"line":117,"column":9}},"type":"if","locations":[{"start":{"line":115,"column":8},"end":{"line":117,"column":9}},{"start":{"line":115,"column":8},"end":{"line":117,"column":9}}],"line":115},"23":{"loc":{"start":{"line":119,"column":12},"end":{"line":123,"column":13}},"type":"if","locations":[{"start":{"line":119,"column":12},"end":{"line":123,"column":13}},{"start":{"line":119,"column":12},"end":{"line":123,"column":13}}],"line":119},"24":{"loc":{"start":{"line":126,"column":12},"end":{"line":130,"column":13}},"type":"if","locations":[{"start":{"line":126,"column":12},"end":{"line":130,"column":13}},{"start":{"line":126,"column":12},"end":{"line":130,"column":13}}],"line":126},"25":{"loc":{"start":{"line":133,"column":8},"end":{"line":135,"column":9}},"type":"if","locations":[{"start":{"line":133,"column":8},"end":{"line":135,"column":9}},{"start":{"line":133,"column":8},"end":{"line":135,"column":9}}],"line":133}},"s":{"0":1,"1":1,"2":1,"3":1,"4":1,"5":1,"6":1,"7":1,"8":105,"9":70,"10":35,"11":35,"12":1521,"13":1478,"14":43,"15":43,"16":43,"17":172,"18":172,"19":172,"20":172,"21":172,"22":172,"23":84,"24":84,"25":84,"26":84,"27":84,"28":84,"29":84,"30":12,"31":12,"32":12,"33":12,"34":12,"35":12,"36":12,"37":12,"38":12,"39":84,"40":36,"41":84,"42":36,"43":84,"44":84,"45":84,"46":84,"47":84,"48":84,"49":84,"50":84,"51":84,"52":12,"53":12,"54":12,"55":84,"56":29,"57":84,"58":22,"59":22,"60":22,"61":22,"62":84,"63":1,"64":84,"65":3463,"66":3411,"67":52,"68":3463,"69":107,"70":53,"71":54,"72":107,"73":84,"74":34,"75":84,"76":84,"77":84,"78":1},"f":{"0":105,"1":1521,"2":172,"3":84,"4":12,"5":84,"6":84,"7":3463,"8":107},"b":{"0":[70,35],"1":[105,105],"2":[1478,43],"3":[1521,43],"4":[172,2],"5":[172,172,172],"6":[172,136,136],"7":[172,136,136],"8":[172,171,171],"9":[1,171],"10":[34,50],"11":[84,84],"12":[34,50],"13":[84,84],"14":[36,48],"15":[36,48],"16":[84,1],"17":[1,83],"18":[44,40],"19":[12,72],"20":[29,55],"21":[22,62],"22":[1,83],"23":[3411,52],"24":[53,54],"25":[34,50]},"_coverageSchema":"1a1c01bbd47fc00a2c39e90264f33305004495a9","hash":"55b1d54b00f166af7d1e4ab6270c734dcbea0755","contentHash":"06f7d058c7289551defc0eca7908aa642966ee0ac93bd75859c94e1956fdb3da"},"/Users/anaue/workspace/Volpi/qitech/test/request-response.js":{"path":"/Users/anaue/workspace/Volpi/qitech/test/request-response.js","statementMap":{"0":{"start":{"line":3,"column":11},"end":{"line":3,"column":24}},"1":{"start":{"line":4,"column":28},"end":{"line":4,"column":60}},"2":{"start":{"line":5,"column":24},"end":{"line":5,"column":60}},"3":{"start":{"line":6,"column":26},"end":{"line":6,"column":55}},"4":{"start":{"line":7,"column":22},"end":{"line":7,"column":56}},"5":{"start":{"line":8,"column":26},"end":{"line":8,"column":52}},"6":{"start":{"line":9,"column":27},"end":{"line":9,"column":55}},"7":{"start":{"line":10,"column":26},"end":{"line":10,"column":58}},"8":{"start":{"line":12,"column":0},"end":{"line":3002,"column":2}}},"fnMap":{},"branchMap":{},"s":{"0":1,"1":1,"2":1,"3":1,"4":1,"5":1,"6":1,"7":1,"8":1},"f":{},"b":{},"_coverageSchema":"1a1c01bbd47fc00a2c39e90264f33305004495a9","hash":"77c0c9f1e573a2e19ff04c1f2b3cce892dba70cb","contentHash":"77812c5eb3f7cd5f623ec80fb01a51ea8047151bd160f7aa3f47fd6039ecd48e"},"/Users/anaue/workspace/Volpi/qitech/test/bank-slip-duplicate-balance.test.js":{"path":"/Users/anaue/workspace/Volpi/qitech/test/bank-slip-duplicate-balance.test.js","statementMap":{"0":{"start":{"line":3,"column":15},"end":{"line":3,"column":43}},"1":{"start":{"line":4,"column":21},"end":{"line":4,"column":50}},"2":{"start":{"line":5,"column":15},"end":{"line":5,"column":37}},"3":{"start":{"line":6,"column":13},"end":{"line":6,"column":28}},"4":{"start":{"line":8,"column":0},"end":{"line":47,"column":3}},"5":{"start":{"line":9,"column":23},"end":{"line":9,"column":67}},"6":{"start":{"line":10,"column":20},"end":{"line":10,"column":47}},"7":{"start":{"line":10,"column":26},"end":{"line":10,"column":47}},"8":{"start":{"line":11,"column":4},"end":{"line":15,"column":7}},"9":{"start":{"line":12,"column":8},"end":{"line":14,"column":28}},"10":{"start":{"line":16,"column":4},"end":{"line":38,"column":7}},"11":{"start":{"line":17,"column":22},"end":{"line":19,"column":9}},"12":{"start":{"line":20,"column":19},"end":{"line":20,"column":37}},"13":{"start":{"line":21,"column":8},"end":{"line":37,"column":11}},"14":{"start":{"line":22,"column":12},"end":{"line":22,"column":55}},"15":{"start":{"line":23,"column":12},"end":{"line":23,"column":56}},"16":{"start":{"line":24,"column":12},"end":{"line":24,"column":79}},"17":{"start":{"line":25,"column":12},"end":{"line":25,"column":83}},"18":{"start":{"line":26,"column":12},"end":{"line":26,"column":85}},"19":{"start":{"line":27,"column":12},"end":{"line":27,"column":89}},"20":{"start":{"line":28,"column":12},"end":{"line":28,"column":111}},"21":{"start":{"line":29,"column":12},"end":{"line":29,"column":129}},"22":{"start":{"line":30,"column":12},"end":{"line":30,"column":129}},"23":{"start":{"line":31,"column":12},"end":{"line":31,"column":105}},"24":{"start":{"line":32,"column":12},"end":{"line":32,"column":119}},"25":{"start":{"line":33,"column":12},"end":{"line":33,"column":127}},"26":{"start":{"line":34,"column":12},"end":{"line":34,"column":109}},"27":{"start":{"line":35,"column":12},"end":{"line":35,"column":111}},"28":{"start":{"line":36,"column":12},"end":{"line":36,"column":103}},"29":{"start":{"line":39,"column":4},"end":{"line":46,"column":7}},"30":{"start":{"line":40,"column":8},"end":{"line":45,"column":11}},"31":{"start":{"line":44,"column":12},"end":{"line":44,"column":55}},"32":{"start":{"line":49,"column":0},"end":{"line":75,"column":3}},"33":{"start":{"line":50,"column":23},"end":{"line":50,"column":72}},"34":{"start":{"line":51,"column":20},"end":{"line":51,"column":47}},"35":{"start":{"line":51,"column":26},"end":{"line":51,"column":47}},"36":{"start":{"line":52,"column":4},"end":{"line":56,"column":7}},"37":{"start":{"line":53,"column":8},"end":{"line":55,"column":28}},"38":{"start":{"line":57,"column":4},"end":{"line":66,"column":7}},"39":{"start":{"line":58,"column":22},"end":{"line":60,"column":9}},"40":{"start":{"line":61,"column":19},"end":{"line":61,"column":37}},"41":{"start":{"line":62,"column":8},"end":{"line":65,"column":11}},"42":{"start":{"line":63,"column":12},"end":{"line":63,"column":55}},"43":{"start":{"line":64,"column":12},"end":{"line":64,"column":63}},"44":{"start":{"line":67,"column":4},"end":{"line":74,"column":7}},"45":{"start":{"line":68,"column":8},"end":{"line":73,"column":11}},"46":{"start":{"line":72,"column":12},"end":{"line":72,"column":55}}},"fnMap":{"0":{"name":"(anonymous_0)","decl":{"start":{"line":8,"column":36},"end":{"line":8,"column":37}},"loc":{"start":{"line":8,"column":42},"end":{"line":47,"column":1}},"line":8},"1":{"name":"(anonymous_1)","decl":{"start":{"line":10,"column":20},"end":{"line":10,"column":21}},"loc":{"start":{"line":10,"column":26},"end":{"line":10,"column":47}},"line":10},"2":{"name":"(anonymous_2)","decl":{"start":{"line":11,"column":15},"end":{"line":11,"column":16}},"loc":{"start":{"line":11,"column":21},"end":{"line":15,"column":5}},"line":11},"3":{"name":"(anonymous_3)","decl":{"start":{"line":16,"column":38},"end":{"line":16,"column":39}},"loc":{"start":{"line":16,"column":44},"end":{"line":38,"column":5}},"line":16},"4":{"name":"(anonymous_4)","decl":{"start":{"line":21,"column":76},"end":{"line":21,"column":77}},"loc":{"start":{"line":21,"column":88},"end":{"line":37,"column":9}},"line":21},"5":{"name":"(anonymous_5)","decl":{"start":{"line":39,"column":36},"end":{"line":39,"column":37}},"loc":{"start":{"line":39,"column":42},"end":{"line":46,"column":5}},"line":39},"6":{"name":"(anonymous_6)","decl":{"start":{"line":43,"column":50},"end":{"line":43,"column":51}},"loc":{"start":{"line":43,"column":62},"end":{"line":45,"column":9}},"line":43},"7":{"name":"(anonymous_7)","decl":{"start":{"line":49,"column":42},"end":{"line":49,"column":43}},"loc":{"start":{"line":49,"column":48},"end":{"line":75,"column":1}},"line":49},"8":{"name":"(anonymous_8)","decl":{"start":{"line":51,"column":20},"end":{"line":51,"column":21}},"loc":{"start":{"line":51,"column":26},"end":{"line":51,"column":47}},"line":51},"9":{"name":"(anonymous_9)","decl":{"start":{"line":52,"column":15},"end":{"line":52,"column":16}},"loc":{"start":{"line":52,"column":21},"end":{"line":56,"column":5}},"line":52},"10":{"name":"(anonymous_10)","decl":{"start":{"line":57,"column":44},"end":{"line":57,"column":45}},"loc":{"start":{"line":57,"column":50},"end":{"line":66,"column":5}},"line":57},"11":{"name":"(anonymous_11)","decl":{"start":{"line":62,"column":81},"end":{"line":62,"column":82}},"loc":{"start":{"line":62,"column":93},"end":{"line":65,"column":9}},"line":62},"12":{"name":"(anonymous_12)","decl":{"start":{"line":67,"column":36},"end":{"line":67,"column":37}},"loc":{"start":{"line":67,"column":42},"end":{"line":74,"column":5}},"line":67},"13":{"name":"(anonymous_13)","decl":{"start":{"line":71,"column":55},"end":{"line":71,"column":56}},"loc":{"start":{"line":71,"column":67},"end":{"line":73,"column":9}},"line":71}},"branchMap":{},"s":{"0":1,"1":1,"2":1,"3":1,"4":1,"5":1,"6":1,"7":75,"8":1,"9":2,"10":1,"11":1,"12":1,"13":1,"14":1,"15":1,"16":1,"17":1,"18":1,"19":1,"20":1,"21":1,"22":1,"23":1,"24":1,"25":1,"26":1,"27":1,"28":1,"29":1,"30":1,"31":1,"32":1,"33":1,"34":1,"35":73,"36":1,"37":2,"38":1,"39":1,"40":1,"41":1,"42":1,"43":1,"44":1,"45":1,"46":1},"f":{"0":1,"1":75,"2":2,"3":1,"4":1,"5":1,"6":1,"7":1,"8":73,"9":2,"10":1,"11":1,"12":1,"13":1},"b":{},"_coverageSchema":"1a1c01bbd47fc00a2c39e90264f33305004495a9","hash":"2d27bef6301d11adf28a3094417a8b3b2389212f","contentHash":"c88d52e18046b89a168bd2668f45d5052cd74f01ed701e7c01fe2f15a49bc5e5"},"/Users/anaue/workspace/Volpi/qitech/test/bank-slip-pdf.test.js":{"path":"/Users/anaue/workspace/Volpi/qitech/test/bank-slip-pdf.test.js","statementMap":{"0":{"start":{"line":3,"column":15},"end":{"line":3,"column":43}},"1":{"start":{"line":4,"column":21},"end":{"line":4,"column":50}},"2":{"start":{"line":5,"column":15},"end":{"line":5,"column":37}},"3":{"start":{"line":6,"column":13},"end":{"line":6,"column":28}},"4":{"start":{"line":7,"column":13},"end":{"line":7,"column":28}},"5":{"start":{"line":9,"column":0},"end":{"line":40,"column":3}},"6":{"start":{"line":10,"column":22},"end":{"line":10,"column":35}},"7":{"start":{"line":11,"column":23},"end":{"line":11,"column":54}},"8":{"start":{"line":12,"column":20},"end":{"line":12,"column":47}},"9":{"start":{"line":12,"column":26},"end":{"line":12,"column":47}},"10":{"start":{"line":14,"column":4},"end":{"line":18,"column":7}},"11":{"start":{"line":15,"column":8},"end":{"line":17,"column":28}},"12":{"start":{"line":19,"column":4},"end":{"line":31,"column":7}},"13":{"start":{"line":20,"column":22},"end":{"line":22,"column":9}},"14":{"start":{"line":23,"column":8},"end":{"line":30,"column":11}},"15":{"start":{"line":24,"column":12},"end":{"line":24,"column":55}},"16":{"start":{"line":25,"column":12},"end":{"line":25,"column":56}},"17":{"start":{"line":26,"column":12},"end":{"line":26,"column":95}},"18":{"start":{"line":27,"column":12},"end":{"line":27,"column":77}},"19":{"start":{"line":28,"column":12},"end":{"line":28,"column":83}},"20":{"start":{"line":29,"column":12},"end":{"line":29,"column":99}},"21":{"start":{"line":32,"column":4},"end":{"line":39,"column":7}},"22":{"start":{"line":33,"column":8},"end":{"line":38,"column":11}},"23":{"start":{"line":37,"column":12},"end":{"line":37,"column":55}},"24":{"start":{"line":42,"column":0},"end":{"line":72,"column":3}},"25":{"start":{"line":43,"column":22},"end":{"line":43,"column":35}},"26":{"start":{"line":44,"column":23},"end":{"line":44,"column":54}},"27":{"start":{"line":45,"column":20},"end":{"line":45,"column":47}},"28":{"start":{"line":45,"column":26},"end":{"line":45,"column":47}},"29":{"start":{"line":46,"column":4},"end":{"line":50,"column":7}},"30":{"start":{"line":47,"column":8},"end":{"line":49,"column":28}},"31":{"start":{"line":51,"column":4},"end":{"line":63,"column":7}},"32":{"start":{"line":52,"column":22},"end":{"line":54,"column":9}},"33":{"start":{"line":55,"column":8},"end":{"line":62,"column":11}},"34":{"start":{"line":56,"column":12},"end":{"line":56,"column":55}},"35":{"start":{"line":57,"column":12},"end":{"line":57,"column":56}},"36":{"start":{"line":58,"column":12},"end":{"line":58,"column":61}},"37":{"start":{"line":59,"column":12},"end":{"line":59,"column":97}},"38":{"start":{"line":60,"column":12},"end":{"line":60,"column":83}},"39":{"start":{"line":61,"column":12},"end":{"line":61,"column":95}},"40":{"start":{"line":64,"column":4},"end":{"line":71,"column":7}},"41":{"start":{"line":65,"column":8},"end":{"line":70,"column":11}},"42":{"start":{"line":69,"column":12},"end":{"line":69,"column":55}}},"fnMap":{"0":{"name":"(anonymous_0)","decl":{"start":{"line":9,"column":31},"end":{"line":9,"column":32}},"loc":{"start":{"line":9,"column":37},"end":{"line":40,"column":1}},"line":9},"1":{"name":"(anonymous_1)","decl":{"start":{"line":12,"column":20},"end":{"line":12,"column":21}},"loc":{"start":{"line":12,"column":26},"end":{"line":12,"column":47}},"line":12},"2":{"name":"(anonymous_2)","decl":{"start":{"line":14,"column":15},"end":{"line":14,"column":16}},"loc":{"start":{"line":14,"column":21},"end":{"line":18,"column":5}},"line":14},"3":{"name":"(anonymous_3)","decl":{"start":{"line":19,"column":32},"end":{"line":19,"column":33}},"loc":{"start":{"line":19,"column":38},"end":{"line":31,"column":5}},"line":19},"4":{"name":"(anonymous_4)","decl":{"start":{"line":23,"column":70},"end":{"line":23,"column":71}},"loc":{"start":{"line":23,"column":82},"end":{"line":30,"column":9}},"line":23},"5":{"name":"(anonymous_5)","decl":{"start":{"line":32,"column":36},"end":{"line":32,"column":37}},"loc":{"start":{"line":32,"column":42},"end":{"line":39,"column":5}},"line":32},"6":{"name":"(anonymous_6)","decl":{"start":{"line":36,"column":48},"end":{"line":36,"column":49}},"loc":{"start":{"line":36,"column":60},"end":{"line":38,"column":9}},"line":36},"7":{"name":"(anonymous_7)","decl":{"start":{"line":42,"column":31},"end":{"line":42,"column":32}},"loc":{"start":{"line":42,"column":37},"end":{"line":72,"column":1}},"line":42},"8":{"name":"(anonymous_8)","decl":{"start":{"line":45,"column":20},"end":{"line":45,"column":21}},"loc":{"start":{"line":45,"column":26},"end":{"line":45,"column":47}},"line":45},"9":{"name":"(anonymous_9)","decl":{"start":{"line":46,"column":15},"end":{"line":46,"column":16}},"loc":{"start":{"line":46,"column":21},"end":{"line":50,"column":5}},"line":46},"10":{"name":"(anonymous_10)","decl":{"start":{"line":51,"column":30},"end":{"line":51,"column":31}},"loc":{"start":{"line":51,"column":36},"end":{"line":63,"column":5}},"line":51},"11":{"name":"(anonymous_11)","decl":{"start":{"line":55,"column":70},"end":{"line":55,"column":71}},"loc":{"start":{"line":55,"column":82},"end":{"line":62,"column":9}},"line":55},"12":{"name":"(anonymous_12)","decl":{"start":{"line":64,"column":36},"end":{"line":64,"column":37}},"loc":{"start":{"line":64,"column":42},"end":{"line":71,"column":5}},"line":64},"13":{"name":"(anonymous_13)","decl":{"start":{"line":68,"column":48},"end":{"line":68,"column":49}},"loc":{"start":{"line":68,"column":60},"end":{"line":70,"column":9}},"line":68}},"branchMap":{},"s":{"0":1,"1":1,"2":1,"3":1,"4":1,"5":1,"6":1,"7":1,"8":1,"9":71,"10":1,"11":2,"12":1,"13":1,"14":1,"15":1,"16":1,"17":1,"18":1,"19":1,"20":1,"21":1,"22":1,"23":1,"24":1,"25":1,"26":1,"27":1,"28":69,"29":1,"30":2,"31":1,"32":1,"33":1,"34":1,"35":1,"36":1,"37":1,"38":1,"39":1,"40":1,"41":1,"42":1},"f":{"0":1,"1":71,"2":2,"3":1,"4":1,"5":1,"6":1,"7":1,"8":69,"9":2,"10":1,"11":1,"12":1,"13":1},"b":{},"_coverageSchema":"1a1c01bbd47fc00a2c39e90264f33305004495a9","hash":"7c6f434accfa14fe2c2e5fc13bb3bb843d3630e4","contentHash":"8c404deb193ec4638d97a8ae479eb22c6f81502e6d8cb88e07ee00d8687db682"},"/Users/anaue/workspace/Volpi/qitech/test/bank-slip.test.js":{"path":"/Users/anaue/workspace/Volpi/qitech/test/bank-slip.test.js","statementMap":{"0":{"start":{"line":3,"column":15},"end":{"line":3,"column":43}},"1":{"start":{"line":4,"column":21},"end":{"line":4,"column":50}},"2":{"start":{"line":5,"column":15},"end":{"line":5,"column":37}},"3":{"start":{"line":6,"column":13},"end":{"line":6,"column":28}},"4":{"start":{"line":7,"column":13},"end":{"line":7,"column":28}},"5":{"start":{"line":9,"column":0},"end":{"line":42,"column":3}},"6":{"start":{"line":10,"column":22},"end":{"line":10,"column":35}},"7":{"start":{"line":11,"column":23},"end":{"line":11,"column":49}},"8":{"start":{"line":12,"column":20},"end":{"line":12,"column":47}},"9":{"start":{"line":12,"column":26},"end":{"line":12,"column":47}},"10":{"start":{"line":13,"column":4},"end":{"line":17,"column":7}},"11":{"start":{"line":14,"column":8},"end":{"line":16,"column":28}},"12":{"start":{"line":18,"column":4},"end":{"line":33,"column":7}},"13":{"start":{"line":19,"column":22},"end":{"line":21,"column":9}},"14":{"start":{"line":22,"column":8},"end":{"line":32,"column":11}},"15":{"start":{"line":23,"column":12},"end":{"line":23,"column":55}},"16":{"start":{"line":24,"column":12},"end":{"line":24,"column":56}},"17":{"start":{"line":25,"column":12},"end":{"line":25,"column":101}},"18":{"start":{"line":26,"column":12},"end":{"line":26,"column":127}},"19":{"start":{"line":27,"column":12},"end":{"line":27,"column":105}},"20":{"start":{"line":28,"column":12},"end":{"line":28,"column":109}},"21":{"start":{"line":29,"column":12},"end":{"line":29,"column":99}},"22":{"start":{"line":30,"column":12},"end":{"line":30,"column":105}},"23":{"start":{"line":31,"column":12},"end":{"line":31,"column":83}},"24":{"start":{"line":34,"column":4},"end":{"line":41,"column":7}},"25":{"start":{"line":35,"column":8},"end":{"line":40,"column":11}},"26":{"start":{"line":39,"column":12},"end":{"line":39,"column":55}},"27":{"start":{"line":44,"column":0},"end":{"line":78,"column":3}},"28":{"start":{"line":45,"column":20},"end":{"line":45,"column":31}},"29":{"start":{"line":46,"column":23},"end":{"line":46,"column":50}},"30":{"start":{"line":47,"column":20},"end":{"line":47,"column":47}},"31":{"start":{"line":47,"column":26},"end":{"line":47,"column":47}},"32":{"start":{"line":48,"column":4},"end":{"line":52,"column":7}},"33":{"start":{"line":49,"column":8},"end":{"line":51,"column":28}},"34":{"start":{"line":53,"column":4},"end":{"line":69,"column":7}},"35":{"start":{"line":54,"column":22},"end":{"line":56,"column":9}},"36":{"start":{"line":57,"column":20},"end":{"line":57,"column":38}},"37":{"start":{"line":58,"column":8},"end":{"line":68,"column":11}},"38":{"start":{"line":59,"column":12},"end":{"line":59,"column":55}},"39":{"start":{"line":60,"column":12},"end":{"line":60,"column":56}},"40":{"start":{"line":61,"column":12},"end":{"line":61,"column":101}},"41":{"start":{"line":62,"column":12},"end":{"line":62,"column":127}},"42":{"start":{"line":63,"column":12},"end":{"line":63,"column":105}},"43":{"start":{"line":64,"column":12},"end":{"line":64,"column":109}},"44":{"start":{"line":65,"column":12},"end":{"line":65,"column":99}},"45":{"start":{"line":66,"column":12},"end":{"line":66,"column":105}},"46":{"start":{"line":67,"column":12},"end":{"line":67,"column":83}},"47":{"start":{"line":70,"column":4},"end":{"line":77,"column":7}},"48":{"start":{"line":71,"column":8},"end":{"line":76,"column":11}},"49":{"start":{"line":75,"column":12},"end":{"line":75,"column":55}},"50":{"start":{"line":80,"column":0},"end":{"line":108,"column":3}},"51":{"start":{"line":81,"column":31},"end":{"line":81,"column":53}},"52":{"start":{"line":82,"column":23},"end":{"line":82,"column":50}},"53":{"start":{"line":83,"column":20},"end":{"line":83,"column":47}},"54":{"start":{"line":83,"column":26},"end":{"line":83,"column":47}},"55":{"start":{"line":84,"column":4},"end":{"line":88,"column":7}},"56":{"start":{"line":85,"column":8},"end":{"line":87,"column":28}},"57":{"start":{"line":89,"column":4},"end":{"line":99,"column":7}},"58":{"start":{"line":90,"column":22},"end":{"line":92,"column":9}},"59":{"start":{"line":93,"column":20},"end":{"line":93,"column":38}},"60":{"start":{"line":94,"column":8},"end":{"line":98,"column":11}},"61":{"start":{"line":95,"column":12},"end":{"line":95,"column":55}},"62":{"start":{"line":96,"column":12},"end":{"line":96,"column":63}},"63":{"start":{"line":97,"column":12},"end":{"line":97,"column":56}},"64":{"start":{"line":100,"column":4},"end":{"line":107,"column":7}},"65":{"start":{"line":101,"column":8},"end":{"line":106,"column":11}},"66":{"start":{"line":105,"column":12},"end":{"line":105,"column":55}}},"fnMap":{"0":{"name":"(anonymous_0)","decl":{"start":{"line":9,"column":22},"end":{"line":9,"column":23}},"loc":{"start":{"line":9,"column":28},"end":{"line":42,"column":1}},"line":9},"1":{"name":"(anonymous_1)","decl":{"start":{"line":12,"column":20},"end":{"line":12,"column":21}},"loc":{"start":{"line":12,"column":26},"end":{"line":12,"column":47}},"line":12},"2":{"name":"(anonymous_2)","decl":{"start":{"line":13,"column":15},"end":{"line":13,"column":16}},"loc":{"start":{"line":13,"column":21},"end":{"line":17,"column":5}},"line":13},"3":{"name":"(anonymous_3)","decl":{"start":{"line":18,"column":27},"end":{"line":18,"column":28}},"loc":{"start":{"line":18,"column":33},"end":{"line":33,"column":5}},"line":18},"4":{"name":"(anonymous_4)","decl":{"start":{"line":22,"column":65},"end":{"line":22,"column":66}},"loc":{"start":{"line":22,"column":77},"end":{"line":32,"column":9}},"line":22},"5":{"name":"(anonymous_5)","decl":{"start":{"line":34,"column":36},"end":{"line":34,"column":37}},"loc":{"start":{"line":34,"column":42},"end":{"line":41,"column":5}},"line":34},"6":{"name":"(anonymous_6)","decl":{"start":{"line":38,"column":43},"end":{"line":38,"column":44}},"loc":{"start":{"line":38,"column":55},"end":{"line":40,"column":9}},"line":38},"7":{"name":"(anonymous_7)","decl":{"start":{"line":44,"column":28},"end":{"line":44,"column":29}},"loc":{"start":{"line":44,"column":34},"end":{"line":78,"column":1}},"line":44},"8":{"name":"(anonymous_8)","decl":{"start":{"line":47,"column":20},"end":{"line":47,"column":21}},"loc":{"start":{"line":47,"column":26},"end":{"line":47,"column":47}},"line":47},"9":{"name":"(anonymous_9)","decl":{"start":{"line":48,"column":15},"end":{"line":48,"column":16}},"loc":{"start":{"line":48,"column":21},"end":{"line":52,"column":5}},"line":48},"10":{"name":"(anonymous_10)","decl":{"start":{"line":53,"column":26},"end":{"line":53,"column":27}},"loc":{"start":{"line":53,"column":32},"end":{"line":69,"column":5}},"line":53},"11":{"name":"(anonymous_11)","decl":{"start":{"line":58,"column":71},"end":{"line":58,"column":72}},"loc":{"start":{"line":58,"column":83},"end":{"line":68,"column":9}},"line":58},"12":{"name":"(anonymous_12)","decl":{"start":{"line":70,"column":36},"end":{"line":70,"column":37}},"loc":{"start":{"line":70,"column":42},"end":{"line":77,"column":5}},"line":70},"13":{"name":"(anonymous_13)","decl":{"start":{"line":74,"column":42},"end":{"line":74,"column":43}},"loc":{"start":{"line":74,"column":54},"end":{"line":76,"column":9}},"line":74},"14":{"name":"(anonymous_14)","decl":{"start":{"line":80,"column":30},"end":{"line":80,"column":31}},"loc":{"start":{"line":80,"column":36},"end":{"line":108,"column":1}},"line":80},"15":{"name":"(anonymous_15)","decl":{"start":{"line":83,"column":20},"end":{"line":83,"column":21}},"loc":{"start":{"line":83,"column":26},"end":{"line":83,"column":47}},"line":83},"16":{"name":"(anonymous_16)","decl":{"start":{"line":84,"column":15},"end":{"line":84,"column":16}},"loc":{"start":{"line":84,"column":21},"end":{"line":88,"column":5}},"line":84},"17":{"name":"(anonymous_17)","decl":{"start":{"line":89,"column":28},"end":{"line":89,"column":29}},"loc":{"start":{"line":89,"column":34},"end":{"line":99,"column":5}},"line":89},"18":{"name":"(anonymous_18)","decl":{"start":{"line":94,"column":84},"end":{"line":94,"column":85}},"loc":{"start":{"line":94,"column":96},"end":{"line":98,"column":9}},"line":94},"19":{"name":"(anonymous_19)","decl":{"start":{"line":100,"column":36},"end":{"line":100,"column":37}},"loc":{"start":{"line":100,"column":42},"end":{"line":107,"column":5}},"line":100},"20":{"name":"(anonymous_20)","decl":{"start":{"line":104,"column":55},"end":{"line":104,"column":56}},"loc":{"start":{"line":104,"column":67},"end":{"line":106,"column":9}},"line":104}},"branchMap":{},"s":{"0":1,"1":1,"2":1,"3":1,"4":1,"5":1,"6":1,"7":1,"8":1,"9":67,"10":1,"11":2,"12":1,"13":1,"14":1,"15":1,"16":1,"17":1,"18":1,"19":1,"20":1,"21":1,"22":1,"23":1,"24":1,"25":1,"26":1,"27":1,"28":1,"29":1,"30":1,"31":65,"32":1,"33":2,"34":1,"35":1,"36":1,"37":1,"38":1,"39":1,"40":1,"41":1,"42":1,"43":1,"44":1,"45":1,"46":1,"47":1,"48":1,"49":1,"50":1,"51":1,"52":1,"53":1,"54":63,"55":1,"56":2,"57":1,"58":1,"59":1,"60":1,"61":1,"62":1,"63":1,"64":1,"65":1,"66":1},"f":{"0":1,"1":67,"2":2,"3":1,"4":1,"5":1,"6":1,"7":1,"8":65,"9":2,"10":1,"11":1,"12":1,"13":1,"14":1,"15":63,"16":2,"17":1,"18":1,"19":1,"20":1},"b":{},"_coverageSchema":"1a1c01bbd47fc00a2c39e90264f33305004495a9","hash":"9e48a449d123e699e564fd4045a2b1b03afad141","contentHash":"a33a3db43809923525a5102c176da18487af3e7f69c531459eb2a2df7c2563dc"},"/Users/anaue/workspace/Volpi/qitech/test/debt-simulation.test.js":{"path":"/Users/anaue/workspace/Volpi/qitech/test/debt-simulation.test.js","statementMap":{"0":{"start":{"line":3,"column":15},"end":{"line":3,"column":43}},"1":{"start":{"line":4,"column":21},"end":{"line":4,"column":50}},"2":{"start":{"line":5,"column":15},"end":{"line":5,"column":37}},"3":{"start":{"line":6,"column":13},"end":{"line":6,"column":28}},"4":{"start":{"line":8,"column":0},"end":{"line":39,"column":3}},"5":{"start":{"line":9,"column":23},"end":{"line":9,"column":56}},"6":{"start":{"line":10,"column":20},"end":{"line":10,"column":47}},"7":{"start":{"line":10,"column":26},"end":{"line":10,"column":47}},"8":{"start":{"line":11,"column":4},"end":{"line":15,"column":7}},"9":{"start":{"line":12,"column":8},"end":{"line":14,"column":28}},"10":{"start":{"line":16,"column":4},"end":{"line":30,"column":7}},"11":{"start":{"line":17,"column":22},"end":{"line":19,"column":9}},"12":{"start":{"line":20,"column":19},"end":{"line":20,"column":37}},"13":{"start":{"line":21,"column":8},"end":{"line":29,"column":11}},"14":{"start":{"line":22,"column":12},"end":{"line":22,"column":55}},"15":{"start":{"line":23,"column":12},"end":{"line":23,"column":56}},"16":{"start":{"line":24,"column":12},"end":{"line":24,"column":61}},"17":{"start":{"line":25,"column":12},"end":{"line":25,"column":99}},"18":{"start":{"line":26,"column":12},"end":{"line":26,"column":77}},"19":{"start":{"line":27,"column":12},"end":{"line":27,"column":83}},"20":{"start":{"line":28,"column":12},"end":{"line":28,"column":79}},"21":{"start":{"line":31,"column":4},"end":{"line":38,"column":7}},"22":{"start":{"line":32,"column":8},"end":{"line":37,"column":11}},"23":{"start":{"line":36,"column":12},"end":{"line":36,"column":55}},"24":{"start":{"line":41,"column":0},"end":{"line":72,"column":3}},"25":{"start":{"line":42,"column":23},"end":{"line":42,"column":61}},"26":{"start":{"line":43,"column":20},"end":{"line":43,"column":47}},"27":{"start":{"line":43,"column":26},"end":{"line":43,"column":47}},"28":{"start":{"line":44,"column":4},"end":{"line":48,"column":7}},"29":{"start":{"line":45,"column":8},"end":{"line":47,"column":28}},"30":{"start":{"line":49,"column":4},"end":{"line":63,"column":7}},"31":{"start":{"line":50,"column":22},"end":{"line":52,"column":9}},"32":{"start":{"line":53,"column":19},"end":{"line":53,"column":37}},"33":{"start":{"line":54,"column":8},"end":{"line":62,"column":11}},"34":{"start":{"line":55,"column":12},"end":{"line":55,"column":55}},"35":{"start":{"line":56,"column":12},"end":{"line":56,"column":56}},"36":{"start":{"line":57,"column":12},"end":{"line":57,"column":61}},"37":{"start":{"line":58,"column":12},"end":{"line":58,"column":105}},"38":{"start":{"line":59,"column":12},"end":{"line":59,"column":83}},"39":{"start":{"line":60,"column":12},"end":{"line":60,"column":89}},"40":{"start":{"line":61,"column":12},"end":{"line":61,"column":85}},"41":{"start":{"line":64,"column":4},"end":{"line":71,"column":7}},"42":{"start":{"line":65,"column":8},"end":{"line":70,"column":11}},"43":{"start":{"line":69,"column":12},"end":{"line":69,"column":55}}},"fnMap":{"0":{"name":"(anonymous_0)","decl":{"start":{"line":8,"column":33},"end":{"line":8,"column":34}},"loc":{"start":{"line":8,"column":39},"end":{"line":39,"column":1}},"line":8},"1":{"name":"(anonymous_1)","decl":{"start":{"line":10,"column":20},"end":{"line":10,"column":21}},"loc":{"start":{"line":10,"column":26},"end":{"line":10,"column":47}},"line":10},"2":{"name":"(anonymous_2)","decl":{"start":{"line":11,"column":15},"end":{"line":11,"column":16}},"loc":{"start":{"line":11,"column":21},"end":{"line":15,"column":5}},"line":11},"3":{"name":"(anonymous_3)","decl":{"start":{"line":16,"column":34},"end":{"line":16,"column":35}},"loc":{"start":{"line":16,"column":40},"end":{"line":30,"column":5}},"line":16},"4":{"name":"(anonymous_4)","decl":{"start":{"line":21,"column":65},"end":{"line":21,"column":66}},"loc":{"start":{"line":21,"column":77},"end":{"line":29,"column":9}},"line":21},"5":{"name":"(anonymous_5)","decl":{"start":{"line":31,"column":36},"end":{"line":31,"column":37}},"loc":{"start":{"line":31,"column":42},"end":{"line":38,"column":5}},"line":31},"6":{"name":"(anonymous_6)","decl":{"start":{"line":35,"column":39},"end":{"line":35,"column":40}},"loc":{"start":{"line":35,"column":51},"end":{"line":37,"column":9}},"line":35},"7":{"name":"(anonymous_7)","decl":{"start":{"line":41,"column":39},"end":{"line":41,"column":40}},"loc":{"start":{"line":41,"column":45},"end":{"line":72,"column":1}},"line":41},"8":{"name":"(anonymous_8)","decl":{"start":{"line":43,"column":20},"end":{"line":43,"column":21}},"loc":{"start":{"line":43,"column":26},"end":{"line":43,"column":47}},"line":43},"9":{"name":"(anonymous_9)","decl":{"start":{"line":44,"column":15},"end":{"line":44,"column":16}},"loc":{"start":{"line":44,"column":21},"end":{"line":48,"column":5}},"line":44},"10":{"name":"(anonymous_10)","decl":{"start":{"line":49,"column":41},"end":{"line":49,"column":42}},"loc":{"start":{"line":49,"column":47},"end":{"line":63,"column":5}},"line":49},"11":{"name":"(anonymous_11)","decl":{"start":{"line":54,"column":70},"end":{"line":54,"column":71}},"loc":{"start":{"line":54,"column":82},"end":{"line":62,"column":9}},"line":54},"12":{"name":"(anonymous_12)","decl":{"start":{"line":64,"column":36},"end":{"line":64,"column":37}},"loc":{"start":{"line":64,"column":42},"end":{"line":71,"column":5}},"line":64},"13":{"name":"(anonymous_13)","decl":{"start":{"line":68,"column":44},"end":{"line":68,"column":45}},"loc":{"start":{"line":68,"column":56},"end":{"line":70,"column":9}},"line":68}},"branchMap":{},"s":{"0":1,"1":1,"2":1,"3":1,"4":1,"5":1,"6":1,"7":61,"8":1,"9":2,"10":1,"11":1,"12":1,"13":1,"14":1,"15":1,"16":1,"17":1,"18":1,"19":1,"20":1,"21":1,"22":1,"23":1,"24":1,"25":1,"26":1,"27":59,"28":1,"29":2,"30":1,"31":1,"32":1,"33":1,"34":1,"35":1,"36":1,"37":1,"38":1,"39":1,"40":1,"41":1,"42":1,"43":1},"f":{"0":1,"1":61,"2":2,"3":1,"4":1,"5":1,"6":1,"7":1,"8":59,"9":2,"10":1,"11":1,"12":1,"13":1},"b":{},"_coverageSchema":"1a1c01bbd47fc00a2c39e90264f33305004495a9","hash":"295fde94c805b8d786e3818f1663632f53f14604","contentHash":"13759dab87a63722dc9148c0c766632a3f834fbdd5d2e840d8b3bbd689f06d32"},"/Users/anaue/workspace/Volpi/qitech/test/debt.test.js":{"path":"/Users/anaue/workspace/Volpi/qitech/test/debt.test.js","statementMap":{"0":{"start":{"line":3,"column":15},"end":{"line":3,"column":43}},"1":{"start":{"line":4,"column":21},"end":{"line":4,"column":50}},"2":{"start":{"line":5,"column":15},"end":{"line":5,"column":37}},"3":{"start":{"line":6,"column":13},"end":{"line":6,"column":28}},"4":{"start":{"line":8,"column":0},"end":{"line":66,"column":3}},"5":{"start":{"line":9,"column":23},"end":{"line":9,"column":45}},"6":{"start":{"line":10,"column":20},"end":{"line":10,"column":47}},"7":{"start":{"line":10,"column":26},"end":{"line":10,"column":47}},"8":{"start":{"line":11,"column":4},"end":{"line":15,"column":7}},"9":{"start":{"line":12,"column":8},"end":{"line":14,"column":28}},"10":{"start":{"line":16,"column":4},"end":{"line":29,"column":7}},"11":{"start":{"line":17,"column":22},"end":{"line":19,"column":9}},"12":{"start":{"line":20,"column":19},"end":{"line":20,"column":45}},"13":{"start":{"line":21,"column":8},"end":{"line":28,"column":11}},"14":{"start":{"line":22,"column":12},"end":{"line":22,"column":55}},"15":{"start":{"line":23,"column":12},"end":{"line":23,"column":56}},"16":{"start":{"line":24,"column":12},"end":{"line":24,"column":95}},"17":{"start":{"line":25,"column":12},"end":{"line":25,"column":77}},"18":{"start":{"line":26,"column":12},"end":{"line":26,"column":83}},"19":{"start":{"line":27,"column":12},"end":{"line":27,"column":99}},"20":{"start":{"line":30,"column":4},"end":{"line":43,"column":7}},"21":{"start":{"line":31,"column":22},"end":{"line":33,"column":9}},"22":{"start":{"line":34,"column":19},"end":{"line":34,"column":44}},"23":{"start":{"line":35,"column":8},"end":{"line":42,"column":11}},"24":{"start":{"line":36,"column":12},"end":{"line":36,"column":55}},"25":{"start":{"line":37,"column":12},"end":{"line":37,"column":56}},"26":{"start":{"line":38,"column":12},"end":{"line":38,"column":95}},"27":{"start":{"line":39,"column":12},"end":{"line":39,"column":77}},"28":{"start":{"line":40,"column":12},"end":{"line":40,"column":83}},"29":{"start":{"line":41,"column":12},"end":{"line":41,"column":99}},"30":{"start":{"line":44,"column":4},"end":{"line":57,"column":7}},"31":{"start":{"line":45,"column":22},"end":{"line":47,"column":9}},"32":{"start":{"line":48,"column":19},"end":{"line":48,"column":46}},"33":{"start":{"line":49,"column":8},"end":{"line":56,"column":11}},"34":{"start":{"line":50,"column":12},"end":{"line":50,"column":55}},"35":{"start":{"line":51,"column":12},"end":{"line":51,"column":56}},"36":{"start":{"line":52,"column":12},"end":{"line":52,"column":95}},"37":{"start":{"line":53,"column":12},"end":{"line":53,"column":77}},"38":{"start":{"line":54,"column":12},"end":{"line":54,"column":83}},"39":{"start":{"line":55,"column":12},"end":{"line":55,"column":99}},"40":{"start":{"line":58,"column":4},"end":{"line":65,"column":7}},"41":{"start":{"line":59,"column":8},"end":{"line":64,"column":11}},"42":{"start":{"line":63,"column":12},"end":{"line":63,"column":55}},"43":{"start":{"line":67,"column":0},"end":{"line":98,"column":3}},"44":{"start":{"line":68,"column":23},"end":{"line":68,"column":44}},"45":{"start":{"line":69,"column":20},"end":{"line":69,"column":47}},"46":{"start":{"line":69,"column":26},"end":{"line":69,"column":47}},"47":{"start":{"line":70,"column":4},"end":{"line":75,"column":7}},"48":{"start":{"line":71,"column":8},"end":{"line":74,"column":28}},"49":{"start":{"line":76,"column":18},"end":{"line":76,"column":27}},"50":{"start":{"line":77,"column":4},"end":{"line":89,"column":7}},"51":{"start":{"line":78,"column":22},"end":{"line":80,"column":9}},"52":{"start":{"line":81,"column":8},"end":{"line":88,"column":11}},"53":{"start":{"line":82,"column":12},"end":{"line":82,"column":55}},"54":{"start":{"line":83,"column":12},"end":{"line":83,"column":56}},"55":{"start":{"line":84,"column":12},"end":{"line":84,"column":61}},"56":{"start":{"line":85,"column":12},"end":{"line":85,"column":97}},"57":{"start":{"line":86,"column":12},"end":{"line":86,"column":83}},"58":{"start":{"line":87,"column":12},"end":{"line":87,"column":95}},"59":{"start":{"line":90,"column":4},"end":{"line":97,"column":7}},"60":{"start":{"line":91,"column":8},"end":{"line":96,"column":11}},"61":{"start":{"line":95,"column":12},"end":{"line":95,"column":55}},"62":{"start":{"line":99,"column":0},"end":{"line":130,"column":3}},"63":{"start":{"line":100,"column":23},"end":{"line":100,"column":45}},"64":{"start":{"line":101,"column":20},"end":{"line":101,"column":47}},"65":{"start":{"line":101,"column":26},"end":{"line":101,"column":47}},"66":{"start":{"line":102,"column":4},"end":{"line":106,"column":7}},"67":{"start":{"line":103,"column":8},"end":{"line":105,"column":28}},"68":{"start":{"line":107,"column":4},"end":{"line":121,"column":7}},"69":{"start":{"line":108,"column":22},"end":{"line":110,"column":9}},"70":{"start":{"line":111,"column":20},"end":{"line":111,"column":22}},"71":{"start":{"line":112,"column":8},"end":{"line":120,"column":11}},"72":{"start":{"line":113,"column":12},"end":{"line":113,"column":55}},"73":{"start":{"line":114,"column":12},"end":{"line":114,"column":56}},"74":{"start":{"line":115,"column":12},"end":{"line":115,"column":61}},"75":{"start":{"line":116,"column":12},"end":{"line":116,"column":67}},"76":{"start":{"line":117,"column":12},"end":{"line":117,"column":125}},"77":{"start":{"line":118,"column":12},"end":{"line":118,"column":113}},"78":{"start":{"line":119,"column":12},"end":{"line":119,"column":99}},"79":{"start":{"line":122,"column":4},"end":{"line":129,"column":7}},"80":{"start":{"line":123,"column":8},"end":{"line":128,"column":11}},"81":{"start":{"line":127,"column":12},"end":{"line":127,"column":55}}},"fnMap":{"0":{"name":"(anonymous_0)","decl":{"start":{"line":8,"column":31},"end":{"line":8,"column":32}},"loc":{"start":{"line":8,"column":37},"end":{"line":66,"column":1}},"line":8},"1":{"name":"(anonymous_1)","decl":{"start":{"line":10,"column":20},"end":{"line":10,"column":21}},"loc":{"start":{"line":10,"column":26},"end":{"line":10,"column":47}},"line":10},"2":{"name":"(anonymous_2)","decl":{"start":{"line":11,"column":15},"end":{"line":11,"column":16}},"loc":{"start":{"line":11,"column":21},"end":{"line":15,"column":5}},"line":11},"3":{"name":"(anonymous_3)","decl":{"start":{"line":16,"column":40},"end":{"line":16,"column":41}},"loc":{"start":{"line":16,"column":46},"end":{"line":29,"column":5}},"line":16},"4":{"name":"(anonymous_4)","decl":{"start":{"line":21,"column":54},"end":{"line":21,"column":55}},"loc":{"start":{"line":21,"column":66},"end":{"line":28,"column":9}},"line":21},"5":{"name":"(anonymous_5)","decl":{"start":{"line":30,"column":39},"end":{"line":30,"column":40}},"loc":{"start":{"line":30,"column":45},"end":{"line":43,"column":5}},"line":30},"6":{"name":"(anonymous_6)","decl":{"start":{"line":35,"column":54},"end":{"line":35,"column":55}},"loc":{"start":{"line":35,"column":66},"end":{"line":42,"column":9}},"line":35},"7":{"name":"(anonymous_7)","decl":{"start":{"line":44,"column":34},"end":{"line":44,"column":35}},"loc":{"start":{"line":44,"column":40},"end":{"line":57,"column":5}},"line":44},"8":{"name":"(anonymous_8)","decl":{"start":{"line":49,"column":54},"end":{"line":49,"column":55}},"loc":{"start":{"line":49,"column":66},"end":{"line":56,"column":9}},"line":49},"9":{"name":"(anonymous_9)","decl":{"start":{"line":58,"column":36},"end":{"line":58,"column":37}},"loc":{"start":{"line":58,"column":42},"end":{"line":65,"column":5}},"line":58},"10":{"name":"(anonymous_10)","decl":{"start":{"line":62,"column":28},"end":{"line":62,"column":29}},"loc":{"start":{"line":62,"column":40},"end":{"line":64,"column":9}},"line":62},"11":{"name":"(anonymous_11)","decl":{"start":{"line":67,"column":21},"end":{"line":67,"column":22}},"loc":{"start":{"line":67,"column":27},"end":{"line":98,"column":1}},"line":67},"12":{"name":"(anonymous_12)","decl":{"start":{"line":69,"column":20},"end":{"line":69,"column":21}},"loc":{"start":{"line":69,"column":26},"end":{"line":69,"column":47}},"line":69},"13":{"name":"(anonymous_13)","decl":{"start":{"line":70,"column":15},"end":{"line":70,"column":16}},"loc":{"start":{"line":70,"column":21},"end":{"line":75,"column":5}},"line":70},"14":{"name":"(anonymous_14)","decl":{"start":{"line":77,"column":22},"end":{"line":77,"column":23}},"loc":{"start":{"line":77,"column":28},"end":{"line":89,"column":5}},"line":77},"15":{"name":"(anonymous_15)","decl":{"start":{"line":81,"column":56},"end":{"line":81,"column":57}},"loc":{"start":{"line":81,"column":68},"end":{"line":88,"column":9}},"line":81},"16":{"name":"(anonymous_16)","decl":{"start":{"line":90,"column":36},"end":{"line":90,"column":37}},"loc":{"start":{"line":90,"column":42},"end":{"line":97,"column":5}},"line":90},"17":{"name":"(anonymous_17)","decl":{"start":{"line":94,"column":34},"end":{"line":94,"column":35}},"loc":{"start":{"line":94,"column":46},"end":{"line":96,"column":9}},"line":94},"18":{"name":"(anonymous_18)","decl":{"start":{"line":99,"column":22},"end":{"line":99,"column":23}},"loc":{"start":{"line":99,"column":28},"end":{"line":130,"column":1}},"line":99},"19":{"name":"(anonymous_19)","decl":{"start":{"line":101,"column":20},"end":{"line":101,"column":21}},"loc":{"start":{"line":101,"column":26},"end":{"line":101,"column":47}},"line":101},"20":{"name":"(anonymous_20)","decl":{"start":{"line":102,"column":15},"end":{"line":102,"column":16}},"loc":{"start":{"line":102,"column":21},"end":{"line":106,"column":5}},"line":102},"21":{"name":"(anonymous_21)","decl":{"start":{"line":107,"column":22},"end":{"line":107,"column":23}},"loc":{"start":{"line":107,"column":28},"end":{"line":121,"column":5}},"line":107},"22":{"name":"(anonymous_22)","decl":{"start":{"line":112,"column":55},"end":{"line":112,"column":56}},"loc":{"start":{"line":112,"column":67},"end":{"line":120,"column":9}},"line":112},"23":{"name":"(anonymous_23)","decl":{"start":{"line":122,"column":36},"end":{"line":122,"column":37}},"loc":{"start":{"line":122,"column":42},"end":{"line":129,"column":5}},"line":122},"24":{"name":"(anonymous_24)","decl":{"start":{"line":126,"column":28},"end":{"line":126,"column":29}},"loc":{"start":{"line":126,"column":40},"end":{"line":128,"column":9}},"line":126}},"branchMap":{},"s":{"0":1,"1":1,"2":1,"3":1,"4":1,"5":1,"6":1,"7":168,"8":1,"9":4,"10":1,"11":1,"12":1,"13":1,"14":1,"15":1,"16":1,"17":1,"18":1,"19":1,"20":1,"21":1,"22":1,"23":1,"24":1,"25":1,"26":1,"27":1,"28":1,"29":1,"30":1,"31":1,"32":1,"33":1,"34":1,"35":1,"36":1,"37":1,"38":1,"39":1,"40":1,"41":1,"42":1,"43":1,"44":1,"45":1,"46":53,"47":1,"48":2,"49":1,"50":1,"51":1,"52":1,"53":1,"54":1,"55":1,"56":1,"57":1,"58":1,"59":1,"60":1,"61":1,"62":1,"63":1,"64":1,"65":51,"66":1,"67":2,"68":1,"69":1,"70":1,"71":1,"72":1,"73":1,"74":1,"75":1,"76":1,"77":1,"78":1,"79":1,"80":1,"81":1},"f":{"0":1,"1":168,"2":4,"3":1,"4":1,"5":1,"6":1,"7":1,"8":1,"9":1,"10":1,"11":1,"12":53,"13":2,"14":1,"15":1,"16":1,"17":1,"18":1,"19":51,"20":2,"21":1,"22":1,"23":1,"24":1},"b":{},"_coverageSchema":"1a1c01bbd47fc00a2c39e90264f33305004495a9","hash":"8dd5e696791b4f96b378b6657b02a34f3c273eb1","contentHash":"57092ca07b36e60eb1404a35d631db0521a4ffd7cc458a7ea6fbe8d2a69bdac2"},"/Users/anaue/workspace/Volpi/qitech/test/escrow.test.js":{"path":"/Users/anaue/workspace/Volpi/qitech/test/escrow.test.js","statementMap":{"0":{"start":{"line":3,"column":15},"end":{"line":3,"column":43}},"1":{"start":{"line":4,"column":21},"end":{"line":4,"column":50}},"2":{"start":{"line":5,"column":15},"end":{"line":5,"column":37}},"3":{"start":{"line":6,"column":13},"end":{"line":6,"column":28}},"4":{"start":{"line":8,"column":0},"end":{"line":87,"column":3}},"5":{"start":{"line":9,"column":23},"end":{"line":9,"column":47}},"6":{"start":{"line":10,"column":4},"end":{"line":14,"column":7}},"7":{"start":{"line":11,"column":8},"end":{"line":13,"column":28}},"8":{"start":{"line":15,"column":4},"end":{"line":30,"column":7}},"9":{"start":{"line":16,"column":24},"end":{"line":16,"column":59}},"10":{"start":{"line":16,"column":30},"end":{"line":16,"column":59}},"11":{"start":{"line":17,"column":22},"end":{"line":19,"column":9}},"12":{"start":{"line":20,"column":19},"end":{"line":20,"column":45}},"13":{"start":{"line":21,"column":8},"end":{"line":29,"column":11}},"14":{"start":{"line":22,"column":12},"end":{"line":22,"column":55}},"15":{"start":{"line":23,"column":12},"end":{"line":23,"column":56}},"16":{"start":{"line":24,"column":12},"end":{"line":24,"column":61}},"17":{"start":{"line":25,"column":12},"end":{"line":25,"column":107}},"18":{"start":{"line":26,"column":12},"end":{"line":26,"column":85}},"19":{"start":{"line":27,"column":12},"end":{"line":27,"column":91}},"20":{"start":{"line":28,"column":12},"end":{"line":28,"column":87}},"21":{"start":{"line":31,"column":4},"end":{"line":46,"column":7}},"22":{"start":{"line":32,"column":24},"end":{"line":32,"column":60}},"23":{"start":{"line":32,"column":30},"end":{"line":32,"column":60}},"24":{"start":{"line":33,"column":22},"end":{"line":35,"column":9}},"25":{"start":{"line":36,"column":19},"end":{"line":36,"column":46}},"26":{"start":{"line":37,"column":8},"end":{"line":45,"column":11}},"27":{"start":{"line":38,"column":12},"end":{"line":38,"column":55}},"28":{"start":{"line":39,"column":12},"end":{"line":39,"column":56}},"29":{"start":{"line":40,"column":12},"end":{"line":40,"column":61}},"30":{"start":{"line":41,"column":12},"end":{"line":41,"column":108}},"31":{"start":{"line":42,"column":12},"end":{"line":42,"column":86}},"32":{"start":{"line":43,"column":12},"end":{"line":43,"column":92}},"33":{"start":{"line":44,"column":12},"end":{"line":44,"column":88}},"34":{"start":{"line":47,"column":4},"end":{"line":62,"column":7}},"35":{"start":{"line":48,"column":24},"end":{"line":48,"column":59}},"36":{"start":{"line":48,"column":30},"end":{"line":48,"column":59}},"37":{"start":{"line":49,"column":22},"end":{"line":51,"column":9}},"38":{"start":{"line":52,"column":19},"end":{"line":52,"column":54}},"39":{"start":{"line":53,"column":8},"end":{"line":61,"column":11}},"40":{"start":{"line":54,"column":12},"end":{"line":54,"column":55}},"41":{"start":{"line":55,"column":12},"end":{"line":55,"column":56}},"42":{"start":{"line":56,"column":12},"end":{"line":56,"column":61}},"43":{"start":{"line":57,"column":12},"end":{"line":57,"column":107}},"44":{"start":{"line":58,"column":12},"end":{"line":58,"column":85}},"45":{"start":{"line":59,"column":12},"end":{"line":59,"column":91}},"46":{"start":{"line":60,"column":12},"end":{"line":60,"column":87}},"47":{"start":{"line":63,"column":4},"end":{"line":78,"column":7}},"48":{"start":{"line":64,"column":24},"end":{"line":64,"column":60}},"49":{"start":{"line":64,"column":30},"end":{"line":64,"column":60}},"50":{"start":{"line":65,"column":22},"end":{"line":67,"column":9}},"51":{"start":{"line":68,"column":19},"end":{"line":68,"column":55}},"52":{"start":{"line":69,"column":8},"end":{"line":77,"column":11}},"53":{"start":{"line":70,"column":12},"end":{"line":70,"column":55}},"54":{"start":{"line":71,"column":12},"end":{"line":71,"column":56}},"55":{"start":{"line":72,"column":12},"end":{"line":72,"column":61}},"56":{"start":{"line":73,"column":12},"end":{"line":73,"column":108}},"57":{"start":{"line":74,"column":12},"end":{"line":74,"column":86}},"58":{"start":{"line":75,"column":12},"end":{"line":75,"column":92}},"59":{"start":{"line":76,"column":12},"end":{"line":76,"column":88}},"60":{"start":{"line":79,"column":4},"end":{"line":86,"column":7}},"61":{"start":{"line":80,"column":8},"end":{"line":85,"column":11}},"62":{"start":{"line":84,"column":12},"end":{"line":84,"column":55}}},"fnMap":{"0":{"name":"(anonymous_0)","decl":{"start":{"line":8,"column":39},"end":{"line":8,"column":40}},"loc":{"start":{"line":8,"column":45},"end":{"line":87,"column":1}},"line":8},"1":{"name":"(anonymous_1)","decl":{"start":{"line":10,"column":15},"end":{"line":10,"column":16}},"loc":{"start":{"line":10,"column":21},"end":{"line":14,"column":5}},"line":10},"2":{"name":"(anonymous_2)","decl":{"start":{"line":15,"column":41},"end":{"line":15,"column":42}},"loc":{"start":{"line":15,"column":47},"end":{"line":30,"column":5}},"line":15},"3":{"name":"(anonymous_3)","decl":{"start":{"line":16,"column":24},"end":{"line":16,"column":25}},"loc":{"start":{"line":16,"column":30},"end":{"line":16,"column":59}},"line":16},"4":{"name":"(anonymous_4)","decl":{"start":{"line":21,"column":56},"end":{"line":21,"column":57}},"loc":{"start":{"line":21,"column":68},"end":{"line":29,"column":9}},"line":21},"5":{"name":"(anonymous_5)","decl":{"start":{"line":31,"column":42},"end":{"line":31,"column":43}},"loc":{"start":{"line":31,"column":48},"end":{"line":46,"column":5}},"line":31},"6":{"name":"(anonymous_6)","decl":{"start":{"line":32,"column":24},"end":{"line":32,"column":25}},"loc":{"start":{"line":32,"column":30},"end":{"line":32,"column":60}},"line":32},"7":{"name":"(anonymous_7)","decl":{"start":{"line":37,"column":56},"end":{"line":37,"column":57}},"loc":{"start":{"line":37,"column":68},"end":{"line":45,"column":9}},"line":37},"8":{"name":"(anonymous_8)","decl":{"start":{"line":47,"column":45},"end":{"line":47,"column":46}},"loc":{"start":{"line":47,"column":51},"end":{"line":62,"column":5}},"line":47},"9":{"name":"(anonymous_9)","decl":{"start":{"line":48,"column":24},"end":{"line":48,"column":25}},"loc":{"start":{"line":48,"column":30},"end":{"line":48,"column":59}},"line":48},"10":{"name":"(anonymous_10)","decl":{"start":{"line":53,"column":56},"end":{"line":53,"column":57}},"loc":{"start":{"line":53,"column":68},"end":{"line":61,"column":9}},"line":53},"11":{"name":"(anonymous_11)","decl":{"start":{"line":63,"column":46},"end":{"line":63,"column":47}},"loc":{"start":{"line":63,"column":52},"end":{"line":78,"column":5}},"line":63},"12":{"name":"(anonymous_12)","decl":{"start":{"line":64,"column":24},"end":{"line":64,"column":25}},"loc":{"start":{"line":64,"column":30},"end":{"line":64,"column":60}},"line":64},"13":{"name":"(anonymous_13)","decl":{"start":{"line":69,"column":56},"end":{"line":69,"column":57}},"loc":{"start":{"line":69,"column":68},"end":{"line":77,"column":9}},"line":69},"14":{"name":"(anonymous_14)","decl":{"start":{"line":79,"column":36},"end":{"line":79,"column":37}},"loc":{"start":{"li
[...]
":36}}],"line":40}},"s":{"0":1,"1":169,"2":169,"3":169,"4":169,"5":2,"6":2,"7":2,"8":2,"9":2,"10":2,"11":2,"12":3,"13":3,"14":3,"15":2,"16":2,"17":2,"18":2,"19":2,"20":2,"21":1},"f":{"0":169,"1":2,"2":2,"3":3,"4":2,"5":2},"b":{"0":[2,1],"1":[2,1],"2":[2,1],"3":[3,1],"4":[2,1],"5":[2,1]},"_coverageSchema":"1a1c01bbd47fc00a2c39e90264f33305004495a9","hash":"be92875d6c7335e8357935cfc03c5bf99ffc5348","contentHash":"be56ea6f3fefafeae0daf21245cc7f35b05e3d2c449c44b9bf3eefef67a962b3"},"/Users/anaue/workspace/Volpi/qitech/src/bank-slip.js":{"path":"/Users/anaue/workspace/Volpi/qitech/src/bank-slip.js","statementMap":{"0":{"start":{"line":3,"column":13},"end":{"line":3,"column":28}},"1":{"start":{"line":7,"column":8},"end":{"line":7,"column":31}},"2":{"start":{"line":8,"column":8},"end":{"line":8,"column":53}},"3":{"start":{"line":9,"column":8},"end":{"line":9,"column":45}},"4":{"start":{"line":10,"column":8},"end":{"line":10,"column":67}},"5":{"start":{"line":13,"column":22},"end":{"line":13,"column":66}},"6":{"start":{"line":14,"column":22},"end":{"line":14,"column":36}},"7":{"start":{"line":15,"column":8},"end":{"line":17,"column":11}},"8":{"start":{"line":18,"column":8},"end":{"line":18,"column":61}},"9":{"start":{"line":21,"column":22},"end":{"line":21,"column":65}},"10":{"start":{"line":22,"column":20},"end":{"line":22,"column":32}},"11":{"start":{"line":23,"column":22},"end":{"line":23,"column":36}},"12":{"start":{"line":24,"column":8},"end":{"line":26,"column":11}},"13":{"start":{"line":27,"column":8},"end":{"line":27,"column":61}},"14":{"start":{"line":30,"column":23},"end":{"line":30,"column":84}},"15":{"start":{"line":31,"column":20},"end":{"line":31,"column":32}},"16":{"start":{"line":32,"column":22},"end":{"line":32,"column":36}},"17":{"start":{"line":33,"column":8},"end":{"line":35,"column":11}},"18":{"start":{"line":36,"column":8},"end":{"line":36,"column":61}},"19":{"start":{"line":40,"column":0},"end":{"line":40,"column":26}}},"fnMap":{"0":{"name":"(anonymous_0)","decl":{"start":{"line":6,"column":4},"end":{"line":6,"column":5}},"loc":{"start":{"line":6,"column":25},"end":{"line":11,"column":5}},"line":6},"1":{"name":"(anonymous_1)","decl":{"start":{"line":12,"column":4},"end":{"line":12,"column":5}},"loc":{"start":{"line":12,"column":31},"end":{"line":19,"column":5}},"line":12},"2":{"name":"(anonymous_2)","decl":{"start":{"line":20,"column":4},"end":{"line":20,"column":5}},"loc":{"start":{"line":20,"column":38},"end":{"line":28,"column":5}},"line":20},"3":{"name":"(anonymous_3)","decl":{"start":{"line":29,"column":4},"end":{"line":29,"column":5}},"loc":{"start":{"line":29,"column":51},"end":{"line":37,"column":5}},"line":29}},"branchMap":{"0":{"loc":{"start":{"line":14,"column":22},"end":{"line":14,"column":36}},"type":"binary-expr","locations":[{"start":{"line":14,"column":22},"end":{"line":14,"column":30}},{"start":{"line":14,"column":34},"end":{"line":14,"column":36}}],"line":14},"1":{"loc":{"start":{"line":22,"column":20},"end":{"line":22,"column":32}},"type":"binary-expr","locations":[{"start":{"line":22,"column":20},"end":{"line":22,"column":26}},{"start":{"line":22,"column":30},"end":{"line":22,"column":32}}],"line":22},"2":{"loc":{"start":{"line":23,"column":22},"end":{"line":23,"column":36}},"type":"binary-expr","locations":[{"start":{"line":23,"column":22},"end":{"line":23,"column":30}},{"start":{"line":23,"column":34},"end":{"line":23,"column":36}}],"line":23},"3":{"loc":{"start":{"line":31,"column":20},"end":{"line":31,"column":32}},"type":"binary-expr","locations":[{"start":{"line":31,"column":20},"end":{"line":31,"column":26}},{"start":{"line":31,"column":30},"end":{"line":31,"column":32}}],"line":31},"4":{"loc":{"start":{"line":32,"column":22},"end":{"line":32,"column":36}},"type":"binary-expr","locations":[{"start":{"line":32,"column":22},"end":{"line":32,"column":30}},{"start":{"line":32,"column":34},"end":{"line":32,"column":36}}],"line":32}},"s":{"0":1,"1":169,"2":169,"3":169,"4":169,"5":2,"6":2,"7":2,"8":2,"9":2,"10":2,"11":2,"12":2,"13":2,"14":2,"15":2,"16":2,"17":2,"18":2,"19":1},"f":{"0":169,"1":2,"2":2,"3":2},"b":{"0":[2,1],"1":[2,1],"2":[2,1],"3":[2,1],"4":[2,1]},"_coverageSchema":"1a1c01bbd47fc00a2c39e90264f33305004495a9","hash":"4d7b5d26c9aa65a4a4383ffb697c0721bb747885","contentHash":"4c4c8ade400d962d4cffee94c0bfe04adc760faf6bb121b74fdc1b637b5fcaaf"},"/Users/anaue/workspace/Volpi/qitech/src/bank-slip-duplicate-balance.js":{"path":"/Users/anaue/workspace/Volpi/qitech/src/bank-slip-duplicate-balance.js","statementMap":{"0":{"start":{"line":5,"column":8},"end":{"line":5,"column":31}},"1":{"start":{"line":6,"column":8},"end":{"line":6,"column":62}},"2":{"start":{"line":7,"column":8},"end":{"line":7,"column":74}},"3":{"start":{"line":10,"column":22},"end":{"line":10,"column":41}},"4":{"start":{"line":11,"column":20},"end":{"line":11,"column":32}},"5":{"start":{"line":12,"column":22},"end":{"line":12,"column":36}},"6":{"start":{"line":13,"column":8},"end":{"line":15,"column":11}},"7":{"start":{"line":16,"column":8},"end":{"line":16,"column":61}},"8":{"start":{"line":19,"column":22},"end":{"line":19,"column":47}},"9":{"start":{"line":20,"column":20},"end":{"line":20,"column":32}},"10":{"start":{"line":21,"column":22},"end":{"line":21,"column":36}},"11":{"start":{"line":22,"column":8},"end":{"line":24,"column":11}},"12":{"start":{"line":25,"column":8},"end":{"line":25,"column":61}},"13":{"start":{"line":28,"column":0},"end":{"line":28,"column":42}}},"fnMap":{"0":{"name":"(anonymous_0)","decl":{"start":{"line":4,"column":4},"end":{"line":4,"column":5}},"loc":{"start":{"line":4,"column":25},"end":{"line":8,"column":5}},"line":4},"1":{"name":"(anonymous_1)","decl":{"start":{"line":9,"column":4},"end":{"line":9,"column":5}},"loc":{"start":{"line":9,"column":26},"end":{"line":17,"column":5}},"line":9},"2":{"name":"(anonymous_2)","decl":{"start":{"line":18,"column":4},"end":{"line":18,"column":5}},"loc":{"start":{"line":18,"column":31},"end":{"line":26,"column":5}},"line":18}},"branchMap":{"0":{"loc":{"start":{"line":11,"column":20},"end":{"line":11,"column":32}},"type":"binary-expr","locations":[{"start":{"line":11,"column":20},"end":{"line":11,"column":26}},{"start":{"line":11,"column":30},"end":{"line":11,"column":32}}],"line":11},"1":{"loc":{"start":{"line":12,"column":22},"end":{"line":12,"column":36}},"type":"binary-expr","locations":[{"start":{"line":12,"column":22},"end":{"line":12,"column":30}},{"start":{"line":12,"column":34},"end":{"line":12,"column":36}}],"line":12},"2":{"loc":{"start":{"line":20,"column":20},"end":{"line":20,"column":32}},"type":"binary-expr","locations":[{"start":{"line":20,"column":20},"end":{"line":20,"column":26}},{"start":{"line":20,"column":30},"end":{"line":20,"column":32}}],"line":20},"3":{"loc":{"start":{"line":21,"column":22},"end":{"line":21,"column":36}},"type":"binary-expr","locations":[{"start":{"line":21,"column":22},"end":{"line":21,"column":30}},{"start":{"line":21,"column":34},"end":{"line":21,"column":36}}],"line":21}},"s":{"0":169,"1":169,"2":169,"3":2,"4":2,"5":2,"6":2,"7":2,"8":2,"9":2,"10":2,"11":2,"12":2,"13":1},"f":{"0":169,"1":2,"2":2},"b":{"0":[2,1],"1":[2,1],"2":[2,1],"3":[2,1]},"_coverageSchema":"1a1c01bbd47fc00a2c39e90264f33305004495a9","hash":"304ac73746ea3b7262087be5867fe40918297aa2","contentHash":"3c4076a31d97ec405936418e35f0fa09413d1a8536342d51c817b44947de7f97"},"/Users/anaue/workspace/Volpi/qitech/src/bank-slip-pdf.js":{"path":"/Users/anaue/workspace/Volpi/qitech/src/bank-slip-pdf.js","statementMap":{"0":{"start":{"line":3,"column":13},"end":{"line":3,"column":28}},"1":{"start":{"line":7,"column":8},"end":{"line":7,"column":31}},"2":{"start":{"line":8,"column":8},"end":{"line":8,"column":51}},"3":{"start":{"line":11,"column":22},"end":{"line":11,"column":66}},"4":{"start":{"line":12,"column":22},"end":{"line":12,"column":36}},"5":{"start":{"line":13,"column":8},"end":{"line":13,"column":62}},"6":{"start":{"line":16,"column":22},"end":{"line":16,"column":66}},"7":{"start":{"line":17,"column":22},"end":{"line":17,"column":36}},"8":{"start":{"line":18,"column":8},"end":{"line":18,"column":61}},"9":{"start":{"line":22,"column":0},"end":{"line":22,"column":29}}},"fnMap":{"0":{"name":"(anonymous_0)","decl":{"start":{"line":6,"column":4},"end":{"line":6,"column":5}},"loc":{"start":{"line":6,"column":25},"end":{"line":9,"column":5}},"line":6},"1":{"name":"(anonymous_1)","decl":{"start":{"line":10,"column":4},"end":{"line":10,"column":5}},"loc":{"start":{"line":10,"column":32},"end":{"line":14,"column":5}},"line":10},"2":{"name":"(anonymous_2)","decl":{"start":{"line":15,"column":4},"end":{"line":15,"column":5}},"loc":{"start":{"line":15,"column":32},"end":{"line":19,"column":5}},"line":15}},"branchMap":{"0":{"loc":{"start":{"line":12,"column":22},"end":{"line":12,"column":36}},"type":"binary-expr","locations":[{"start":{"line":12,"column":22},"end":{"line":12,"column":30}},{"start":{"line":12,"column":34},"end":{"line":12,"column":36}}],"line":12},"1":{"loc":{"start":{"line":17,"column":22},"end":{"line":17,"column":36}},"type":"binary-expr","locations":[{"start":{"line":17,"column":22},"end":{"line":17,"column":30}},{"start":{"line":17,"column":34},"end":{"line":17,"column":36}}],"line":17}},"s":{"0":1,"1":169,"2":169,"3":2,"4":2,"5":2,"6":2,"7":2,"8":2,"9":1},"f":{"0":169,"1":2,"2":2},"b":{"0":[2,1],"1":[2,1]},"_coverageSchema":"1a1c01bbd47fc00a2c39e90264f33305004495a9","hash":"6c6fe63f067c531cd4d0faa7d5bbba19976ab742","contentHash":"6ee8454069309e5aca228624b8b4713fdbdc3c6fca3961101baaa9359a122efd"},"/Users/anaue/workspace/Volpi/qitech/src/multibank.js":{"path":"/Users/anaue/workspace/Volpi/qitech/src/multibank.js","statementMap":{"0":{"start":{"line":3,"column":13},"end":{"line":3,"column":28}},"1":{"start":{"line":4,"column":11},"end":{"line":4,"column":24}},"2":{"start":{"line":8,"column":8},"end":{"line":8,"column":31}},"3":{"start":{"line":9,"column":8},"end":{"line":9,"column":67}},"4":{"start":{"line":10,"column":8},"end":{"line":10,"column":53}},"5":{"start":{"line":11,"column":8},"end":{"line":11,"column":81}},"6":{"start":{"line":14,"column":22},"end":{"line":14,"column":53}},"7":{"start":{"line":15,"column":22},"end":{"line":15,"column":36}},"8":{"start":{"line":16,"column":8},"end":{"line":18,"column":11}},"9":{"start":{"line":19,"column":8},"end":{"line":19,"column":62}},"10":{"start":{"line":22,"column":24},"end":{"line":22,"column":26}},"11":{"start":{"line":23,"column":8},"end":{"line":25,"column":9}},"12":{"start":{"line":24,"column":12},"end":{"line":24,"column":44}},"13":{"start":{"line":26,"column":8},"end":{"line":26,"column":47}},"14":{"start":{"line":29,"column":26},"end":{"line":29,"column":67}},"15":{"start":{"line":30,"column":22},"end":{"line":30,"column":46}},"16":{"start":{"line":31,"column":22},"end":{"line":31,"column":36}},"17":{"start":{"line":32,"column":8},"end":{"line":39,"column":11}},"18":{"start":{"line":40,"column":8},"end":{"line":40,"column":62}},"19":{"start":{"line":43,"column":22},"end":{"line":43,"column":80}},"20":{"start":{"line":44,"column":22},"end":{"line":44,"column":36}},"21":{"start":{"line":45,"column":8},"end":{"line":47,"column":11}},"22":{"start":{"line":48,"column":8},"end":{"line":48,"column":61}},"23":{"start":{"line":52,"column":0},"end":{"line":52,"column":27}}},"fnMap":{"0":{"name":"(anonymous_0)","decl":{"start":{"line":7,"column":4},"end":{"line":7,"column":5}},"loc":{"start":{"line":7,"column":25},"end":{"line":12,"column":5}},"line":7},"1":{"name":"(anonymous_1)","decl":{"start":{"line":13,"column":4},"end":{"line":13,"column":5}},"loc":{"start":{"line":13,"column":36},"end":{"line":20,"column":5}},"line":13},"2":{"name":"(anonymous_2)","decl":{"start":{"line":21,"column":4},"end":{"line":21,"column":5}},"loc":{"start":{"line":21,"column":27},"end":{"line":27,"column":5}},"line":21},"3":{"name":"(anonymous_3)","decl":{"start":{"line":28,"column":4},"end":{"line":28,"column":5}},"loc":{"start":{"line":28,"column":49},"end":{"line":41,"column":5}},"line":28},"4":{"name":"(anonymous_4)","decl":{"start":{"line":42,"column":4},"end":{"line":42,"column":5}},"loc":{"start":{"line":42,"column":34},"end":{"line":49,"column":5}},"line":42}},"branchMap":{"0":{"loc":{"start":{"line":15,"column":22},"end":{"line":15,"column":36}},"type":"binary-expr","locations":[{"start":{"line":15,"column":22},"end":{"line":15,"column":30}},{"start":{"line":15,"column":34},"end":{"line":15,"column":36}}],"line":15},"1":{"loc":{"start":{"line":23,"column":8},"end":{"line":25,"column":9}},"type":"if","locations":[{"start":{"line":23,"column":8},"end":{"line":25,"column":9}},{"start":{"line":23,"column":8},"end":{"line":25,"column":9}}],"line":23},"2":{"loc":{"start":{"line":29,"column":26},"end":{"line":29,"column":67}},"type":"binary-expr","locations":[{"start":{"line":29,"column":26},"end":{"line":29,"column":38}},{"start":{"line":29,"column":42},"end":{"line":29,"column":67}}],"line":29},"3":{"loc":{"start":{"line":31,"column":22},"end":{"line":31,"column":36}},"type":"binary-expr","locations":[{"start":{"line":31,"column":22},"end":{"line":31,"column":30}},{"start":{"line":31,"column":34},"end":{"line":31,"column":36}}],"line":31},"4":{"loc":{"start":{"line":44,"column":22},"end":{"line":44,"column":36}},"type":"binary-expr","locations":[{"start":{"line":44,"column":22},"end":{"line":44,"column":30}},{"start":{"line":44,"column":34},"end":{"line":44,"column":36}}],"line":44}},"s":{"0":1,"1":1,"2":169,"3":169,"4":169,"5":169,"6":2,"7":2,"8":2,"9":2,"10":3,"11":3,"12":2,"13":3,"14":3,"15":3,"16":3,"17":3,"18":3,"19":2,"20":2,"21":2,"22":2,"23":1},"f":{"0":169,"1":2,"2":3,"3":3,"4":2},"b":{"0":[2,1],"1":[2,1],"2":[3,2],"3":[3,2],"4":[2,1]},"_coverageSchema":"1a1c01bbd47fc00a2c39e90264f33305004495a9","hash":"21fb8ba4de99e167d971dbbc760d0b97f01cf9aa","contentHash":"4c0912498dfe996cfd8e483d2454e522b4b98489c4ce09c9004d215eebb714bf"},"/Users/anaue/workspace/Volpi/qitech/src/wire-transfer.js":{"path":"/Users/anaue/workspace/Volpi/qitech/src/wire-transfer.js","statementMap":{"0":{"start":{"line":3,"column":13},"end":{"line":3,"column":28}},"1":{"start":{"line":7,"column":8},"end":{"line":7,"column":31}},"2":{"start":{"line":8,"column":8},"end":{"line":8,"column":51}},"3":{"start":{"line":9,"column":8},"end":{"line":9,"column":69}},"4":{"start":{"line":10,"column":8},"end":{"line":10,"column":57}},"5":{"start":{"line":11,"column":8},"end":{"line":11,"column":66}},"6":{"start":{"line":14,"column":22},"end":{"line":14,"column":45}},"7":{"start":{"line":15,"column":22},"end":{"line":15,"column":36}},"8":{"start":{"line":16,"column":8},"end":{"line":18,"column":11}},"9":{"start":{"line":19,"column":8},"end":{"line":19,"column":62}},"10":{"start":{"line":22,"column":22},"end":{"line":22,"column":54}},"11":{"start":{"line":23,"column":22},"end":{"line":23,"column":36}},"12":{"start":{"line":24,"column":8},"end":{"line":26,"column":11}},"13":{"start":{"line":27,"column":8},"end":{"line":27,"column":62}},"14":{"start":{"line":30,"column":22},"end":{"line":30,"column":48}},"15":{"start":{"line":31,"column":22},"end":{"line":31,"column":36}},"16":{"start":{"line":32,"column":8},"end":{"line":32,"column":61}},"17":{"start":{"line":35,"column":22},"end":{"line":35,"column":80}},"18":{"start":{"line":36,"column":20},"end":{"line":36,"column":32}},"19":{"start":{"line":37,"column":22},"end":{"line":37,"column":36}},"20":{"start":{"line":38,"column":8},"end":{"line":40,"column":11}},"21":{"start":{"line":41,"column":8},"end":{"line":41,"column":61}},"22":{"start":{"line":45,"column":0},"end":{"line":45,"column":26}}},"fnMap":{"0":{"name":"(anonymous_0)","decl":{"start":{"line":6,"column":4},"end":{"line":6,"column":5}},"loc":{"start":{"line":6,"column":25},"end":{"line":12,"column":5}},"line":6},"1":{"name":"(anonymous_1)","decl":{"start":{"line":13,"column":4},"end":{"line":13,"column":5}},"loc":{"start":{"line":13,"column":25},"end":{"line":20,"column":5}},"line":13},"2":{"name":"(anonymous_2)","decl":{"start":{"line":21,"column":4},"end":{"line":21,"column":5}},"loc":{"start":{"line":21,"column":33},"end":{"line":28,"column":5}},"line":21},"3":{"name":"(anonymous_3)","decl":{"start":{"line":29,"column":4},"end":{"line":29,"column":5}},"loc":{"start":{"line":29,"column":26},"end":{"line":33,"column":5}},"line":29},"4":{"name":"(anonymous_4)","decl":{"start":{"line":34,"column":4},"end":{"line":34,"column":5}},"loc":{"start":{"line":34,"column":49},"end":{"line":42,"column":5}},"line":34}},"branchMap":{"0":{"loc":{"start":{"line":15,"column":22},"end":{"line":15,"column":36}},"type":"binary-expr","locations":[{"start":{"line":15,"column":22},"end":{"line":15,"column":30}},{"start":{"line":15,"column":34},"end":{"line":15,"column":36}}],"line":15},"1":{"loc":{"start":{"line":23,"column":22},"end":{"line":23,"column":36}},"type":"binary-expr","locations":[{"start":{"line":23,"column":22},"end":{"line":23,"column":30}},{"start":{"line":23,"column":34},"end":{"line":23,"column":36}}],"line":23},"2":{"loc":{"start":{"line":31,"column":22},"end":{"line":31,"column":36}},"type":"binary-expr","locations":[{"start":{"line":31,"column":22},"end":{"line":31,"column":30}},{"start":{"line":31,"column":34},"end":{"line":31,"column":36}}],"line":31},"3":{"loc":{"start":{"line":36,"column":20},"end":{"line":36,"column":32}},"type":"binary-expr","locations":[{"start":{"line":36,"column":20},"end":{"line":36,"column":26}},{"start":{"line":36,"column":30},"end":{"line":36,"column":32}}],"line":36},"4":{"loc":{"start":{"line":37,"column":22},"end":{"line":37,"column":36}},"type":"binary-expr","locations":[{"start":{"line":37,"column":22},"end":{"line":37,"column":30}},{"start":{"line":37,"column":34},"end":{"line":37,"column":36}}],"line":37}},"s":{"0":1,"1":169,"2":169,"3":169,"4":169,"5":169,"6":3,"7":3,"8":3,"9":3,"10":2,"11":2,"12":2,"13":2,"14":2,"15":2,"16":2,"17":2,"18":2,"19":2,"20":2,"21":2,"22":1},"f":{"0":169,"1":3,"2":2,"3":2,"4":2},"b":{"0":[3,1],"1":[2,1],"2":[2,1],"3":[2,1],"4":[2,1]},"_coverageSchema":"1a1c01bbd47fc00a2c39e90264f33305004495a9","hash":"da731290afbb2d0857242bec562d1bc634315b78","contentHash":"b9d0d53bc30d8286a9b10b75f29fbaa4a8ff541e7ace491eb51f9193c405ce58"},"/Users/anaue/workspace/Volpi/qitech/src/financial-institute.js":{"path":"/Users/anaue/workspace/Volpi/qitech/src/financial-institute.js","statementMap":{"0":{"start":{"line":5,"column":8},"end":{"line":5,"column":31}},"1":{"start":{"line":6,"column":8},"end":{"line":6,"column":53}},"2":{"start":{"line":18,"column":20},"end":{"line":18,"column":32}},"3":{"start":{"line":19,"column":22},"end":{"line":19,"column":36}},"4":{"start":{"line":20,"column":8},"end":{"line":22,"column":11}},"5":{"start":{"line":23,"column":8},"end":{"line":23,"column":73}},"6":{"start":{"line":27,"column":0},"end":{"line":27,"column":36}}},"fnMap":{"0":{"name":"(anonymous_0)","decl":{"start":{"line":4,"column":4},"end":{"line":4,"column":5}},"loc":{"start":{"line":4,"column":25},"end":{"line":7,"column":5}},"line":4},"1":{"name":"(anonymous_1)","decl":{"start":{"line":17,"column":4},"end":{"line":17,"column":5}},"loc":{"start":{"line":17,"column":27},"end":{"line":24,"column":5}},"line":17}},"branchMap":{"0":{"loc":{"start":{"line":18,"column":20},"end":{"line":18,"column":32}},"type":"binary-expr","locations":[{"start":{"line":18,"column":20},"end":{"line":18,"column":26}},{"start":{"line":18,"column":30},"end":{"line":18,"column":32}}],"line":18},"1":{"loc":{"start":{"line":19,"column":22},"end":{"line":19,"column":36}},"type":"binary-expr","locations":[{"start":{"line":19,"column":22},"end":{"line":19,"column":30}},{"start":{"line":19,"column":34},"end":{"line":19,"column":36}}],"line":19}},"s":{"0":169,"1":169,"2":3,"3":3,"4":3,"5":3,"6":1},"f":{"0":169,"1":3},"b":{"0":[3,1],"1":[3,1]},"_coverageSchema":"1a1c01bbd47fc00a2c39e90264f33305004495a9","hash":"1b0ee1b3778272cc61cb03ebe5520b5f9d5d59bc","contentHash":"69cb41cac82ad3c73b0077a949109793d94f2e569fea608486c4330e549bbd7a"}}